This file contains any messages produced by compilers while
running configure, to aid debugging if configure makes a mistake.

It was created by configure, which was
generated by GNU Autoconf 2.61.  Invocation command line was

  $ ./configure --host=arm-none-linux-gnueabi CFLAGS=-I/home/smb/vte/testcases/third_party_suite/network/tcpdump-3.9.8/../../../../openlibs/include/ LDFLAGS=-L/home/smb/vte/testcases/third_party_suite/network/tcpdump-3.9.8/../../../../openlibs/lib/ --oldincludedir=/home/smb/vte/testcases/third_party_suite/network/tcpdump-3.9.8

## --------- ##
## Platform. ##
## --------- ##

hostname = localhost.localdomain
uname -m = i686
uname -r = 2.6.23.1-42.fc8
uname -s = Linux
uname -v = #1 SMP Tue Oct 30 13:55:12 EDT 2007

/usr/bin/uname -p = unknown
/bin/uname -X     = unknown

/bin/arch              = i686
/usr/bin/arch -k       = unknown
/usr/convex/getsysinfo = unknown
/usr/bin/hostinfo      = unknown
/bin/machine           = unknown
/usr/bin/oslevel       = unknown
/bin/universe          = unknown

PATH: /usr/lib/qt-3.3/bin
PATH: /usr/kerberos/sbin
PATH: /usr/kerberos/bin
PATH: /usr/lib/ccache
PATH: /usr/local/sbin
PATH: /usr/local/bin
PATH: /sbin
PATH: /bin
PATH: /usr/sbin
PATH: /usr/bin
PATH: /root/bin
PATH: /opt/freescale/usr/local/gcc-4.1.2-glibc-2.5-nptl-3/arm-none-linux-gnueabi/bin
PATH: /usr/local/sbin
PATH: /usr/local/arm-gdb/bin
PATH: /opt/freescale/usr/local/gcc-4.1.2-glibc-2.5-nptl-3/arm-none-linux-gnueabi/bin


## ----------- ##
## Core tests. ##
## ----------- ##

configure:1749: checking build system type
configure:1767: result: i686-pc-linux-gnu
configure:1789: checking host system type
configure:1804: result: arm-none-linux-gnueabi
configure:1906: checking for arm-none-linux-gnueabi-gcc
configure:1933: result: /opt/freescale/usr/local/gcc-4.1.2-glibc-2.5-nptl-3/arm-none-linux-gnueabi/bin/arm-none-linux-gnueabi-gcc
configure:2211: checking for C compiler version
configure:2218: /opt/freescale/usr/local/gcc-4.1.2-glibc-2.5-nptl-3/arm-none-linux-gnueabi/bin/arm-none-linux-gnueabi-gcc --version >&5
arm-none-linux-gnueabi-gcc (GCC) 4.1.2
Copyright (C) 2006 Free Software Foundation, Inc.
This is free software; see the source for copying conditions.  There is NO
warranty; not even for MERCHANTABILITY or FITNESS FOR A PARTICULAR PURPOSE.

configure:2221: $? = 0
configure:2228: /opt/freescale/usr/local/gcc-4.1.2-glibc-2.5-nptl-3/arm-none-linux-gnueabi/bin/arm-none-linux-gnueabi-gcc -v >&5
Using built-in specs.
Target: arm-none-linux-gnueabi
Configured with: /usr/src/redhat/BUILD/cross-mlib/source/gcc-4.1.2/configure --target=arm-none-linux-gnueabi --host=i686-host_pc-linux-gnu --prefix=/opt/freescale/usr/local/gcc-4.1.2-glibc-2.5-nptl-3/arm-none-linux-gnueabi --with-sysroot=/opt/freescale/usr/local/gcc-4.1.2-glibc-2.5-nptl-3/arm-none-linux-gnueabi/arm-none-linux-gnueabi/sysroot --enable-threads --enable-shared --disable-libssp --disable-libgomp --disable-libmudflap --enable-languages=c,c++ --enable-__cxa_atexit --disable-nls
Thread model: posix
gcc version 4.1.2
configure:2231: $? = 0
configure:2238: /opt/freescale/usr/local/gcc-4.1.2-glibc-2.5-nptl-3/arm-none-linux-gnueabi/bin/arm-none-linux-gnueabi-gcc -V >&5
arm-none-linux-gnueabi-gcc: '-V' option must have argument
configure:2241: $? = 1
configure:2264: checking for C compiler default output file name
configure:2291: /opt/freescale/usr/local/gcc-4.1.2-glibc-2.5-nptl-3/arm-none-linux-gnueabi/bin/arm-none-linux-gnueabi-gcc -I/home/smb/vte/testcases/third_party_suite/network/tcpdump-3.9.8/../../../../openlibs/include/  -L/home/smb/vte/testcases/third_party_suite/network/tcpdump-3.9.8/../../../../openlibs/lib/ conftest.c  >&5
configure:2294: $? = 0
configure:2332: result: a.out
configure:2349: checking whether the C compiler works
configure:2359: ./a.out
./configure: line 2360: ./a.out: cannot execute binary file
configure:2362: $? = 126
configure:2379: result: yes
configure:2386: checking whether we are cross compiling
configure:2388: result: yes
configure:2391: checking for suffix of executables
configure:2398: /opt/freescale/usr/local/gcc-4.1.2-glibc-2.5-nptl-3/arm-none-linux-gnueabi/bin/arm-none-linux-gnueabi-gcc -o conftest -I/home/smb/vte/testcases/third_party_suite/network/tcpdump-3.9.8/../../../../openlibs/include/  -L/home/smb/vte/testcases/third_party_suite/network/tcpdump-3.9.8/../../../../openlibs/lib/ conftest.c  >&5
configure:2401: $? = 0
configure:2425: result: 
configure:2431: checking for suffix of object files
configure:2457: /opt/freescale/usr/local/gcc-4.1.2-glibc-2.5-nptl-3/arm-none-linux-gnueabi/bin/arm-none-linux-gnueabi-gcc -c -I/home/smb/vte/testcases/third_party_suite/network/tcpdump-3.9.8/../../../../openlibs/include/  conftest.c >&5
configure:2460: $? = 0
configure:2483: result: o
configure:2487: checking whether we are using the GNU C compiler
configure:2516: /opt/freescale/usr/local/gcc-4.1.2-glibc-2.5-nptl-3/arm-none-linux-gnueabi/bin/arm-none-linux-gnueabi-gcc -c -I/home/smb/vte/testcases/third_party_suite/network/tcpdump-3.9.8/../../../../openlibs/include/  conftest.c >&5
configure:2522: $? = 0
configure:2539: result: yes
configure:2544: checking whether /opt/freescale/usr/local/gcc-4.1.2-glibc-2.5-nptl-3/arm-none-linux-gnueabi/bin/arm-none-linux-gnueabi-gcc accepts -g
configure:2574: /opt/freescale/usr/local/gcc-4.1.2-glibc-2.5-nptl-3/arm-none-linux-gnueabi/bin/arm-none-linux-gnueabi-gcc -c -g  conftest.c >&5
configure:2580: $? = 0
configure:2679: result: yes
configure:2696: checking for /opt/freescale/usr/local/gcc-4.1.2-glibc-2.5-nptl-3/arm-none-linux-gnueabi/bin/arm-none-linux-gnueabi-gcc option to accept ISO C89
configure:2770: /opt/freescale/usr/local/gcc-4.1.2-glibc-2.5-nptl-3/arm-none-linux-gnueabi/bin/arm-none-linux-gnueabi-gcc  -c -I/home/smb/vte/testcases/third_party_suite/network/tcpdump-3.9.8/../../../../openlibs/include/  conftest.c >&5
configure:2776: $? = 0
configure:2799: result: none needed
configure:2822: checking gcc version
configure:2834: result: 4
configure:3043: checking for inline
configure:3087: /opt/freescale/usr/local/gcc-4.1.2-glibc-2.5-nptl-3/arm-none-linux-gnueabi/bin/arm-none-linux-gnueabi-gcc -c -I/home/smb/vte/testcases/third_party_suite/network/tcpdump-3.9.8/../../../../openlibs/include/  conftest.c >&5
configure:3093: $? = 0
configure:3117: result: inline
configure:3129: checking for __attribute__
configure:3165: /opt/freescale/usr/local/gcc-4.1.2-glibc-2.5-nptl-3/arm-none-linux-gnueabi/bin/arm-none-linux-gnueabi-gcc -c -I/home/smb/vte/testcases/third_party_suite/network/tcpdump-3.9.8/../../../../openlibs/include/  conftest.c >&5
configure:3171: $? = 0
configure:3197: result: yes
configure:3205: checking how to run the C preprocessor
configure:3245: /opt/freescale/usr/local/gcc-4.1.2-glibc-2.5-nptl-3/arm-none-linux-gnueabi/bin/arm-none-linux-gnueabi-gcc -E  conftest.c
configure:3251: $? = 0
configure:3282: /opt/freescale/usr/local/gcc-4.1.2-glibc-2.5-nptl-3/arm-none-linux-gnueabi/bin/arm-none-linux-gnueabi-gcc -E  conftest.c
conftest.c:10:28: error: ac_nonexistent.h: No such file or directory
configure:3288: $? = 1
configure: failed program was:
| /* confdefs.h.  */
| #define PACKAGE_NAME ""
| #define PACKAGE_TARNAME ""
| #define PACKAGE_VERSION ""
| #define PACKAGE_STRING ""
| #define PACKAGE_BUGREPORT ""
| #define inline inline
| #define HAVE___ATTRIBUTE__ 1
| /* end confdefs.h.  */
| #include <ac_nonexistent.h>
configure:3321: result: /opt/freescale/usr/local/gcc-4.1.2-glibc-2.5-nptl-3/arm-none-linux-gnueabi/bin/arm-none-linux-gnueabi-gcc -E
configure:3350: /opt/freescale/usr/local/gcc-4.1.2-glibc-2.5-nptl-3/arm-none-linux-gnueabi/bin/arm-none-linux-gnueabi-gcc -E  conftest.c
configure:3356: $? = 0
configure:3387: /opt/freescale/usr/local/gcc-4.1.2-glibc-2.5-nptl-3/arm-none-linux-gnueabi/bin/arm-none-linux-gnueabi-gcc -E  conftest.c
conftest.c:10:28: error: ac_nonexistent.h: No such file or directory
configure:3393: $? = 1
configure: failed program was:
| /* confdefs.h.  */
| #define PACKAGE_NAME ""
| #define PACKAGE_TARNAME ""
| #define PACKAGE_VERSION ""
| #define PACKAGE_STRING ""
| #define PACKAGE_BUGREPORT ""
| #define inline inline
| #define HAVE___ATTRIBUTE__ 1
| /* end confdefs.h.  */
| #include <ac_nonexistent.h>
configure:3431: checking for grep that handles long lines and -e
configure:3505: result: /bin/grep
configure:3510: checking for egrep
configure:3588: result: /bin/grep -E
configure:3593: checking for ANSI C header files
configure:3623: /opt/freescale/usr/local/gcc-4.1.2-glibc-2.5-nptl-3/arm-none-linux-gnueabi/bin/arm-none-linux-gnueabi-gcc -c -I/home/smb/vte/testcases/third_party_suite/network/tcpdump-3.9.8/../../../../openlibs/include/  conftest.c >&5
configure:3629: $? = 0
configure:3757: result: yes
configure:3781: checking for sys/types.h
configure:3802: /opt/freescale/usr/local/gcc-4.1.2-glibc-2.5-nptl-3/arm-none-linux-gnueabi/bin/arm-none-linux-gnueabi-gcc -c -I/home/smb/vte/testcases/third_party_suite/network/tcpdump-3.9.8/../../../../openlibs/include/  conftest.c >&5
configure:3808: $? = 0
configure:3824: result: yes
configure:3781: checking for sys/stat.h
configure:3802: /opt/freescale/usr/local/gcc-4.1.2-glibc-2.5-nptl-3/arm-none-linux-gnueabi/bin/arm-none-linux-gnueabi-gcc -c -I/home/smb/vte/testcases/third_party_suite/network/tcpdump-3.9.8/../../../../openlibs/include/  conftest.c >&5
configure:3808: $? = 0
configure:3824: result: yes
configure:3781: checking for stdlib.h
configure:3802: /opt/freescale/usr/local/gcc-4.1.2-glibc-2.5-nptl-3/arm-none-linux-gnueabi/bin/arm-none-linux-gnueabi-gcc -c -I/home/smb/vte/testcases/third_party_suite/network/tcpdump-3.9.8/../../../../openlibs/include/  conftest.c >&5
configure:3808: $? = 0
configure:3824: result: yes
configure:3781: checking for string.h
configure:3802: /opt/freescale/usr/local/gcc-4.1.2-glibc-2.5-nptl-3/arm-none-linux-gnueabi/bin/arm-none-linux-gnueabi-gcc -c -I/home/smb/vte/testcases/third_party_suite/network/tcpdump-3.9.8/../../../../openlibs/include/  conftest.c >&5
configure:3808: $? = 0
configure:3824: result: yes
configure:3781: checking for memory.h
configure:3802: /opt/freescale/usr/local/gcc-4.1.2-glibc-2.5-nptl-3/arm-none-linux-gnueabi/bin/arm-none-linux-gnueabi-gcc -c -I/home/smb/vte/testcases/third_party_suite/network/tcpdump-3.9.8/../../../../openlibs/include/  conftest.c >&5
configure:3808: $? = 0
configure:3824: result: yes
configure:3781: checking for strings.h
configure:3802: /opt/freescale/usr/local/gcc-4.1.2-glibc-2.5-nptl-3/arm-none-linux-gnueabi/bin/arm-none-linux-gnueabi-gcc -c -I/home/smb/vte/testcases/third_party_suite/network/tcpdump-3.9.8/../../../../openlibs/include/  conftest.c >&5
configure:3808: $? = 0
configure:3824: result: yes
configure:3781: checking for inttypes.h
configure:3802: /opt/freescale/usr/local/gcc-4.1.2-glibc-2.5-nptl-3/arm-none-linux-gnueabi/bin/arm-none-linux-gnueabi-gcc -c -I/home/smb/vte/testcases/third_party_suite/network/tcpdump-3.9.8/../../../../openlibs/include/  conftest.c >&5
configure:3808: $? = 0
configure:3824: result: yes
configure:3781: checking for stdint.h
configure:3802: /opt/freescale/usr/local/gcc-4.1.2-glibc-2.5-nptl-3/arm-none-linux-gnueabi/bin/arm-none-linux-gnueabi-gcc -c -I/home/smb/vte/testcases/third_party_suite/network/tcpdump-3.9.8/../../../../openlibs/include/  conftest.c >&5
configure:3808: $? = 0
configure:3824: result: yes
configure:3781: checking for unistd.h
configure:3802: /opt/freescale/usr/local/gcc-4.1.2-glibc-2.5-nptl-3/arm-none-linux-gnueabi/bin/arm-none-linux-gnueabi-gcc -c -I/home/smb/vte/testcases/third_party_suite/network/tcpdump-3.9.8/../../../../openlibs/include/  conftest.c >&5
configure:3808: $? = 0
configure:3824: result: yes
configure:3853: checking fcntl.h usability
configure:3870: /opt/freescale/usr/local/gcc-4.1.2-glibc-2.5-nptl-3/arm-none-linux-gnueabi/bin/arm-none-linux-gnueabi-gcc -c -I/home/smb/vte/testcases/third_party_suite/network/tcpdump-3.9.8/../../../../openlibs/include/  conftest.c >&5
configure:3876: $? = 0
configure:3890: result: yes
configure:3894: checking fcntl.h presence
configure:3909: /opt/freescale/usr/local/gcc-4.1.2-glibc-2.5-nptl-3/arm-none-linux-gnueabi/bin/arm-none-linux-gnueabi-gcc -E  conftest.c
configure:3915: $? = 0
configure:3929: result: yes
configure:3957: checking for fcntl.h
configure:3965: result: yes
configure:3853: checking rpc/rpcent.h usability
configure:3870: /opt/freescale/usr/local/gcc-4.1.2-glibc-2.5-nptl-3/arm-none-linux-gnueabi/bin/arm-none-linux-gnueabi-gcc -c -I/home/smb/vte/testcases/third_party_suite/network/tcpdump-3.9.8/../../../../openlibs/include/  conftest.c >&5
conftest.c:54:24: error: rpc/rpcent.h: No such file or directory
configure:3876: $? = 1
configure: failed program was:
| /* confdefs.h.  */
| #define PACKAGE_NAME ""
| #define PACKAGE_TARNAME ""
| #define PACKAGE_VERSION ""
| #define PACKAGE_STRING ""
| #define PACKAGE_BUGREPORT ""
| #define inline inline
| #define HAVE___ATTRIBUTE__ 1
| #define STDC_HEADERS 1
| #define HAVE_SYS_TYPES_H 1
| #define HAVE_SYS_STAT_H 1
| #define HAVE_STDLIB_H 1
| #define HAVE_STRING_H 1
| #define HAVE_MEMORY_H 1
| #define HAVE_STRINGS_H 1
| #define HAVE_INTTYPES_H 1
| #define HAVE_STDINT_H 1
| #define HAVE_UNISTD_H 1
| #define HAVE_FCNTL_H 1
| /* end confdefs.h.  */
| #include <stdio.h>
| #ifdef HAVE_SYS_TYPES_H
| # include <sys/types.h>
| #endif
| #ifdef HAVE_SYS_STAT_H
| # include <sys/stat.h>
| #endif
| #ifdef STDC_HEADERS
| # include <stdlib.h>
| # include <stddef.h>
| #else
| # ifdef HAVE_STDLIB_H
| #  include <stdlib.h>
| # endif
| #endif
| #ifdef HAVE_STRING_H
| # if !defined STDC_HEADERS && defined HAVE_MEMORY_H
| #  include <memory.h>
| # endif
| # include <string.h>
| #endif
| #ifdef HAVE_STRINGS_H
| # include <strings.h>
| #endif
| #ifdef HAVE_INTTYPES_H
| # include <inttypes.h>
| #endif
| #ifdef HAVE_STDINT_H
| # include <stdint.h>
| #endif
| #ifdef HAVE_UNISTD_H
| # include <unistd.h>
| #endif
| #include <rpc/rpcent.h>
configure:3890: result: no
configure:3894: checking rpc/rpcent.h presence
configure:3909: /opt/freescale/usr/local/gcc-4.1.2-glibc-2.5-nptl-3/arm-none-linux-gnueabi/bin/arm-none-linux-gnueabi-gcc -E  conftest.c
conftest.c:21:24: error: rpc/rpcent.h: No such file or directory
configure:3915: $? = 1
configure: failed program was:
| /* confdefs.h.  */
| #define PACKAGE_NAME ""
| #define PACKAGE_TARNAME ""
| #define PACKAGE_VERSION ""
| #define PACKAGE_STRING ""
| #define PACKAGE_BUGREPORT ""
| #define inline inline
| #define HAVE___ATTRIBUTE__ 1
| #define STDC_HEADERS 1
| #define HAVE_SYS_TYPES_H 1
| #define HAVE_SYS_STAT_H 1
| #define HAVE_STDLIB_H 1
| #define HAVE_STRING_H 1
| #define HAVE_MEMORY_H 1
| #define HAVE_STRINGS_H 1
| #define HAVE_INTTYPES_H 1
| #define HAVE_STDINT_H 1
| #define HAVE_UNISTD_H 1
| #define HAVE_FCNTL_H 1
| /* end confdefs.h.  */
| #include <rpc/rpcent.h>
configure:3929: result: no
configure:3957: checking for rpc/rpcent.h
configure:3965: result: no
configure:3853: checking netdnet/dnetdb.h usability
configure:3870: /opt/freescale/usr/local/gcc-4.1.2-glibc-2.5-nptl-3/arm-none-linux-gnueabi/bin/arm-none-linux-gnueabi-gcc -c -I/home/smb/vte/testcases/third_party_suite/network/tcpdump-3.9.8/../../../../openlibs/include/  conftest.c >&5
conftest.c:54:28: error: netdnet/dnetdb.h: No such file or directory
configure:3876: $? = 1
configure: failed program was:
| /* confdefs.h.  */
| #define PACKAGE_NAME ""
| #define PACKAGE_TARNAME ""
| #define PACKAGE_VERSION ""
| #define PACKAGE_STRING ""
| #define PACKAGE_BUGREPORT ""
| #define inline inline
| #define HAVE___ATTRIBUTE__ 1
| #define STDC_HEADERS 1
| #define HAVE_SYS_TYPES_H 1
| #define HAVE_SYS_STAT_H 1
| #define HAVE_STDLIB_H 1
| #define HAVE_STRING_H 1
| #define HAVE_MEMORY_H 1
| #define HAVE_STRINGS_H 1
| #define HAVE_INTTYPES_H 1
| #define HAVE_STDINT_H 1
| #define HAVE_UNISTD_H 1
| #define HAVE_FCNTL_H 1
| /* end confdefs.h.  */
| #include <stdio.h>
| #ifdef HAVE_SYS_TYPES_H
| # include <sys/types.h>
| #endif
| #ifdef HAVE_SYS_STAT_H
| # include <sys/stat.h>
| #endif
| #ifdef STDC_HEADERS
| # include <stdlib.h>
| # include <stddef.h>
| #else
| # ifdef HAVE_STDLIB_H
| #  include <stdlib.h>
| # endif
| #endif
| #ifdef HAVE_STRING_H
| # if !defined STDC_HEADERS && defined HAVE_MEMORY_H
| #  include <memory.h>
| # endif
| # include <string.h>
| #endif
| #ifdef HAVE_STRINGS_H
| # include <strings.h>
| #endif
| #ifdef HAVE_INTTYPES_H
| # include <inttypes.h>
| #endif
| #ifdef HAVE_STDINT_H
| # include <stdint.h>
| #endif
| #ifdef HAVE_UNISTD_H
| # include <unistd.h>
| #endif
| #include <netdnet/dnetdb.h>
configure:3890: result: no
configure:3894: checking netdnet/dnetdb.h presence
configure:3909: /opt/freescale/usr/local/gcc-4.1.2-glibc-2.5-nptl-3/arm-none-linux-gnueabi/bin/arm-none-linux-gnueabi-gcc -E  conftest.c
conftest.c:21:28: error: netdnet/dnetdb.h: No such file or directory
configure:3915: $? = 1
configure: failed program was:
| /* confdefs.h.  */
| #define PACKAGE_NAME ""
| #define PACKAGE_TARNAME ""
| #define PACKAGE_VERSION ""
| #define PACKAGE_STRING ""
| #define PACKAGE_BUGREPORT ""
| #define inline inline
| #define HAVE___ATTRIBUTE__ 1
| #define STDC_HEADERS 1
| #define HAVE_SYS_TYPES_H 1
| #define HAVE_SYS_STAT_H 1
| #define HAVE_STDLIB_H 1
| #define HAVE_STRING_H 1
| #define HAVE_MEMORY_H 1
| #define HAVE_STRINGS_H 1
| #define HAVE_INTTYPES_H 1
| #define HAVE_STDINT_H 1
| #define HAVE_UNISTD_H 1
| #define HAVE_FCNTL_H 1
| /* end confdefs.h.  */
| #include <netdnet/dnetdb.h>
configure:3929: result: no
configure:3957: checking for netdnet/dnetdb.h
configure:3965: result: no
configure:3982: checking for net/pfvar.h
configure:4005: /opt/freescale/usr/local/gcc-4.1.2-glibc-2.5-nptl-3/arm-none-linux-gnueabi/bin/arm-none-linux-gnueabi-gcc -c -I/home/smb/vte/testcases/third_party_suite/network/tcpdump-3.9.8/../../../../openlibs/include/  conftest.c >&5
conftest.c:25:23: error: net/pfvar.h: No such file or directory
configure:4011: $? = 1
configure: failed program was:
| /* confdefs.h.  */
| #define PACKAGE_NAME ""
| #define PACKAGE_TARNAME ""
| #define PACKAGE_VERSION ""
| #define PACKAGE_STRING ""
| #define PACKAGE_BUGREPORT ""
| #define inline inline
| #define HAVE___ATTRIBUTE__ 1
| #define STDC_HEADERS 1
| #define HAVE_SYS_TYPES_H 1
| #define HAVE_SYS_STAT_H 1
| #define HAVE_STDLIB_H 1
| #define HAVE_STRING_H 1
| #define HAVE_MEMORY_H 1
| #define HAVE_STRINGS_H 1
| #define HAVE_INTTYPES_H 1
| #define HAVE_STDINT_H 1
| #define HAVE_UNISTD_H 1
| #define HAVE_FCNTL_H 1
| /* end confdefs.h.  */
| #include <sys/types.h>
| #include <sys/socket.h>
| #include <net/if.h>
| 
| #include <net/pfvar.h>
configure:4027: result: no
configure:4045: checking for netinet/if_ether.h
configure:4067: /opt/freescale/usr/local/gcc-4.1.2-glibc-2.5-nptl-3/arm-none-linux-gnueabi/bin/arm-none-linux-gnueabi-gcc -c -I/home/smb/vte/testcases/third_party_suite/network/tcpdump-3.9.8/../../../../openlibs/include/  conftest.c >&5
configure:4073: $? = 0
configure:4089: result: yes
configure:4176: checking whether time.h and sys/time.h may both be included
configure:4206: /opt/freescale/usr/local/gcc-4.1.2-glibc-2.5-nptl-3/arm-none-linux-gnueabi/bin/arm-none-linux-gnueabi-gcc -c -I/home/smb/vte/testcases/third_party_suite/network/tcpdump-3.9.8/../../../../openlibs/include/  conftest.c >&5
configure:4212: $? = 0
configure:4227: result: yes
configure:4241: checking Linux kernel version
configure:4259: result: 2.6.28
configure:4293: checking smi.h usability
configure:4310: /opt/freescale/usr/local/gcc-4.1.2-glibc-2.5-nptl-3/arm-none-linux-gnueabi/bin/arm-none-linux-gnueabi-gcc -c -I/home/smb/vte/testcases/third_party_suite/network/tcpdump-3.9.8/../../../../openlibs/include/  conftest.c >&5
conftest.c:56:17: error: smi.h: No such file or directory
configure:4316: $? = 1
configure: failed program was:
| /* confdefs.h.  */
| #define PACKAGE_NAME ""
| #define PACKAGE_TARNAME ""
| #define PACKAGE_VERSION ""
| #define PACKAGE_STRING ""
| #define PACKAGE_BUGREPORT ""
| #define inline inline
| #define HAVE___ATTRIBUTE__ 1
| #define STDC_HEADERS 1
| #define HAVE_SYS_TYPES_H 1
| #define HAVE_SYS_STAT_H 1
| #define HAVE_STDLIB_H 1
| #define HAVE_STRING_H 1
| #define HAVE_MEMORY_H 1
| #define HAVE_STRINGS_H 1
| #define HAVE_INTTYPES_H 1
| #define HAVE_STDINT_H 1
| #define HAVE_UNISTD_H 1
| #define HAVE_FCNTL_H 1
| #define HAVE_NETINET_IF_ETHER_H 1
| #define TIME_WITH_SYS_TIME 1
| /* end confdefs.h.  */
| #include <stdio.h>
| #ifdef HAVE_SYS_TYPES_H
| # include <sys/types.h>
| #endif
| #ifdef HAVE_SYS_STAT_H
| # include <sys/stat.h>
| #endif
| #ifdef STDC_HEADERS
| # include <stdlib.h>
| # include <stddef.h>
| #else
| # ifdef HAVE_STDLIB_H
| #  include <stdlib.h>
| # endif
| #endif
| #ifdef HAVE_STRING_H
| # if !defined STDC_HEADERS && defined HAVE_MEMORY_H
| #  include <memory.h>
| # endif
| # include <string.h>
| #endif
| #ifdef HAVE_STRINGS_H
| # include <strings.h>
| #endif
| #ifdef HAVE_INTTYPES_H
| # include <inttypes.h>
| #endif
| #ifdef HAVE_STDINT_H
| # include <stdint.h>
| #endif
| #ifdef HAVE_UNISTD_H
| # include <unistd.h>
| #endif
| #include <smi.h>
configure:4330: result: no
configure:4334: checking smi.h presence
configure:4349: /opt/freescale/usr/local/gcc-4.1.2-glibc-2.5-nptl-3/arm-none-linux-gnueabi/bin/arm-none-linux-gnueabi-gcc -E  conftest.c
conftest.c:23:17: error: smi.h: No such file or directory
configure:4355: $? = 1
configure: failed program was:
| /* confdefs.h.  */
| #define PACKAGE_NAME ""
| #define PACKAGE_TARNAME ""
| #define PACKAGE_VERSION ""
| #define PACKAGE_STRING ""
| #define PACKAGE_BUGREPORT ""
| #define inline inline
| #define HAVE___ATTRIBUTE__ 1
| #define STDC_HEADERS 1
| #define HAVE_SYS_TYPES_H 1
| #define HAVE_SYS_STAT_H 1
| #define HAVE_STDLIB_H 1
| #define HAVE_STRING_H 1
| #define HAVE_MEMORY_H 1
| #define HAVE_STRINGS_H 1
| #define HAVE_INTTYPES_H 1
| #define HAVE_STDINT_H 1
| #define HAVE_UNISTD_H 1
| #define HAVE_FCNTL_H 1
| #define HAVE_NETINET_IF_ETHER_H 1
| #define TIME_WITH_SYS_TIME 1
| /* end confdefs.h.  */
| #include <smi.h>
configure:4369: result: no
configure:4397: checking for smi.h
configure:4405: result: no
configure:4419: checking for smiInit in -lsmi
configure:4454: /opt/freescale/usr/local/gcc-4.1.2-glibc-2.5-nptl-3/arm-none-linux-gnueabi/bin/arm-none-linux-gnueabi-gcc -o conftest -I/home/smb/vte/testcases/third_party_suite/network/tcpdump-3.9.8/../../../../openlibs/include/  -L/home/smb/vte/testcases/third_party_suite/network/tcpdump-3.9.8/../../../../openlibs/lib/ conftest.c -lsmi   >&5
/opt/freescale/usr/local/gcc-4.1.2-glibc-2.5-nptl-3/arm-none-linux-gnueabi/lib/gcc/arm-none-linux-gnueabi/4.1.2/../../../../arm-none-linux-gnueabi/bin/ld: cannot find -lsmi
collect2: ld returned 1 exit status
configure:4460: $? = 1
configure: failed program was:
| /* confdefs.h.  */
| #define PACKAGE_NAME ""
| #define PACKAGE_TARNAME ""
| #define PACKAGE_VERSION ""
| #define PACKAGE_STRING ""
| #define PACKAGE_BUGREPORT ""
| #define inline inline
| #define HAVE___ATTRIBUTE__ 1
| #define STDC_HEADERS 1
| #define HAVE_SYS_TYPES_H 1
| #define HAVE_SYS_STAT_H 1
| #define HAVE_STDLIB_H 1
| #define HAVE_STRING_H 1
| #define HAVE_MEMORY_H 1
| #define HAVE_STRINGS_H 1
| #define HAVE_INTTYPES_H 1
| #define HAVE_STDINT_H 1
| #define HAVE_UNISTD_H 1
| #define HAVE_FCNTL_H 1
| #define HAVE_NETINET_IF_ETHER_H 1
| #define TIME_WITH_SYS_TIME 1
| /* end confdefs.h.  */
| 
| /* Override any GCC internal prototype to avoid an error.
|    Use char because int might match the return type of a GCC
|    builtin and then its argument prototype would still apply.  */
| #ifdef __cplusplus
| extern "C"
| #endif
| char smiInit ();
| int
| main ()
| {
| return smiInit ();
|   ;
|   return 0;
| }
configure:4478: result: no
configure:4577: checking whether to enable the possibly-buggy SMB printer
configure:4587: result: yes
configure:4589: WARNING: The SMB printer may have exploitable buffer overflows!!!
configure:4608: checking whether to drop root privileges by default
configure:4618: result: no
configure:4628: checking whether to chroot
configure:4638: result: no
configure:4642: checking whether to enable ipv6
configure:4664: result: no
configure:5278: checking for dnet_htoa declaration in netdnet/dnetdb.h
conftest.c:24:28: error: netdnet/dnetdb.h: No such file or directory
configure:5301: result: no
configure:5310: checking for char
configure:5340: /opt/freescale/usr/local/gcc-4.1.2-glibc-2.5-nptl-3/arm-none-linux-gnueabi/bin/arm-none-linux-gnueabi-gcc -c -I/home/smb/vte/testcases/third_party_suite/network/tcpdump-3.9.8/../../../../openlibs/include/  conftest.c >&5
configure:5346: $? = 0
configure:5361: result: yes
configure:5368: checking size of char
configure:5399: /opt/freescale/usr/local/gcc-4.1.2-glibc-2.5-nptl-3/arm-none-linux-gnueabi/bin/arm-none-linux-gnueabi-gcc -c -I/home/smb/vte/testcases/third_party_suite/network/tcpdump-3.9.8/../../../../openlibs/include/  conftest.c >&5
configure:5405: $? = 0
configure:5436: /opt/freescale/usr/local/gcc-4.1.2-glibc-2.5-nptl-3/arm-none-linux-gnueabi/bin/arm-none-linux-gnueabi-gcc -c -I/home/smb/vte/testcases/third_party_suite/network/tcpdump-3.9.8/../../../../openlibs/include/  conftest.c >&5
conftest.c: In function 'main':
conftest.c:61: error: size of array 'test_array' is negative
configure:5442: $? = 1
configure: failed program was:
| /* confdefs.h.  */
| #define PACKAGE_NAME ""
| #define PACKAGE_TARNAME ""
| #define PACKAGE_VERSION ""
| #define PACKAGE_STRING ""
| #define PACKAGE_BUGREPORT ""
| #define inline inline
| #define HAVE___ATTRIBUTE__ 1
| #define STDC_HEADERS 1
| #define HAVE_SYS_TYPES_H 1
| #define HAVE_SYS_STAT_H 1
| #define HAVE_STDLIB_H 1
| #define HAVE_STRING_H 1
| #define HAVE_MEMORY_H 1
| #define HAVE_STRINGS_H 1
| #define HAVE_INTTYPES_H 1
| #define HAVE_STDINT_H 1
| #define HAVE_UNISTD_H 1
| #define HAVE_FCNTL_H 1
| #define HAVE_NETINET_IF_ETHER_H 1
| #define TIME_WITH_SYS_TIME 1
| #define TCPDUMP_DO_SMB 1
| /* end confdefs.h.  */
| #include <stdio.h>
| #ifdef HAVE_SYS_TYPES_H
| # include <sys/types.h>
| #endif
| #ifdef HAVE_SYS_STAT_H
| # include <sys/stat.h>
| #endif
| #ifdef STDC_HEADERS
| # include <stdlib.h>
| # include <stddef.h>
| #else
| # ifdef HAVE_STDLIB_H
| #  include <stdlib.h>
| # endif
| #endif
| #ifdef HAVE_STRING_H
| # if !defined STDC_HEADERS && defined HAVE_MEMORY_H
| #  include <memory.h>
| # endif
| # include <string.h>
| #endif
| #ifdef HAVE_STRINGS_H
| # include <strings.h>
| #endif
| #ifdef HAVE_INTTYPES_H
| # include <inttypes.h>
| #endif
| #ifdef HAVE_STDINT_H
| # include <stdint.h>
| #endif
| #ifdef HAVE_UNISTD_H
| # include <unistd.h>
| #endif
|    typedef char ac__type_sizeof_;
| int
| main ()
| {
| static int test_array [1 - 2 * !(((long int) (sizeof (ac__type_sizeof_))) <= 0)];
| test_array [0] = 0
| 
|   ;
|   return 0;
| }
configure:5436: /opt/freescale/usr/local/gcc-4.1.2-glibc-2.5-nptl-3/arm-none-linux-gnueabi/bin/arm-none-linux-gnueabi-gcc -c -I/home/smb/vte/testcases/third_party_suite/network/tcpdump-3.9.8/../../../../openlibs/include/  conftest.c >&5
configure:5442: $? = 0
configure:5705: result: 1
configure:5715: checking for short
configure:5745: /opt/freescale/usr/local/gcc-4.1.2-glibc-2.5-nptl-3/arm-none-linux-gnueabi/bin/arm-none-linux-gnueabi-gcc -c -I/home/smb/vte/testcases/third_party_suite/network/tcpdump-3.9.8/../../../../openlibs/include/  conftest.c >&5
configure:5751: $? = 0
configure:5766: result: yes
configure:5773: checking size of short
configure:5804: /opt/freescale/usr/local/gcc-4.1.2-glibc-2.5-nptl-3/arm-none-linux-gnueabi/bin/arm-none-linux-gnueabi-gcc -c -I/home/smb/vte/testcases/third_party_suite/network/tcpdump-3.9.8/../../../../openlibs/include/  conftest.c >&5
configure:5810: $? = 0
configure:5841: /opt/freescale/usr/local/gcc-4.1.2-glibc-2.5-nptl-3/arm-none-linux-gnueabi/bin/arm-none-linux-gnueabi-gcc -c -I/home/smb/vte/testcases/third_party_suite/network/tcpdump-3.9.8/../../../../openlibs/include/  conftest.c >&5
conftest.c: In function 'main':
conftest.c:62: error: size of array 'test_array' is negative
configure:5847: $? = 1
configure: failed program was:
| /* confdefs.h.  */
| #define PACKAGE_NAME ""
| #define PACKAGE_TARNAME ""
| #define PACKAGE_VERSION ""
| #define PACKAGE_STRING ""
| #define PACKAGE_BUGREPORT ""
| #define inline inline
| #define HAVE___ATTRIBUTE__ 1
| #define STDC_HEADERS 1
| #define HAVE_SYS_TYPES_H 1
| #define HAVE_SYS_STAT_H 1
| #define HAVE_STDLIB_H 1
| #define HAVE_STRING_H 1
| #define HAVE_MEMORY_H 1
| #define HAVE_STRINGS_H 1
| #define HAVE_INTTYPES_H 1
| #define HAVE_STDINT_H 1
| #define HAVE_UNISTD_H 1
| #define HAVE_FCNTL_H 1
| #define HAVE_NETINET_IF_ETHER_H 1
| #define TIME_WITH_SYS_TIME 1
| #define TCPDUMP_DO_SMB 1
| #define SIZEOF_CHAR 1
| /* end confdefs.h.  */
| #include <stdio.h>
| #ifdef HAVE_SYS_TYPES_H
| # include <sys/types.h>
| #endif
| #ifdef HAVE_SYS_STAT_H
| # include <sys/stat.h>
| #endif
| #ifdef STDC_HEADERS
| # include <stdlib.h>
| # include <stddef.h>
| #else
| # ifdef HAVE_STDLIB_H
| #  include <stdlib.h>
| # endif
| #endif
| #ifdef HAVE_STRING_H
| # if !defined STDC_HEADERS && defined HAVE_MEMORY_H
| #  include <memory.h>
| # endif
| # include <string.h>
| #endif
| #ifdef HAVE_STRINGS_H
| # include <strings.h>
| #endif
| #ifdef HAVE_INTTYPES_H
| # include <inttypes.h>
| #endif
| #ifdef HAVE_STDINT_H
| # include <stdint.h>
| #endif
| #ifdef HAVE_UNISTD_H
| # include <unistd.h>
| #endif
|    typedef short ac__type_sizeof_;
| int
| main ()
| {
| static int test_array [1 - 2 * !(((long int) (sizeof (ac__type_sizeof_))) <= 0)];
| test_array [0] = 0
| 
|   ;
|   return 0;
| }
configure:5841: /opt/freescale/usr/local/gcc-4.1.2-glibc-2.5-nptl-3/arm-none-linux-gnueabi/bin/arm-none-linux-gnueabi-gcc -c -I/home/smb/vte/testcases/third_party_suite/network/tcpdump-3.9.8/../../../../openlibs/include/  conftest.c >&5
conftest.c: In function 'main':
conftest.c:62: error: size of array 'test_array' is negative
configure:5847: $? = 1
configure: failed program was:
| /* confdefs.h.  */
| #define PACKAGE_NAME ""
| #define PACKAGE_TARNAME ""
| #define PACKAGE_VERSION ""
| #define PACKAGE_STRING ""
| #define PACKAGE_BUGREPORT ""
| #define inline inline
| #define HAVE___ATTRIBUTE__ 1
| #define STDC_HEADERS 1
| #define HAVE_SYS_TYPES_H 1
| #define HAVE_SYS_STAT_H 1
| #define HAVE_STDLIB_H 1
| #define HAVE_STRING_H 1
| #define HAVE_MEMORY_H 1
| #define HAVE_STRINGS_H 1
| #define HAVE_INTTYPES_H 1
| #define HAVE_STDINT_H 1
| #define HAVE_UNISTD_H 1
| #define HAVE_FCNTL_H 1
| #define HAVE_NETINET_IF_ETHER_H 1
| #define TIME_WITH_SYS_TIME 1
| #define TCPDUMP_DO_SMB 1
| #define SIZEOF_CHAR 1
| /* end confdefs.h.  */
| #include <stdio.h>
| #ifdef HAVE_SYS_TYPES_H
| # include <sys/types.h>
| #endif
| #ifdef HAVE_SYS_STAT_H
| # include <sys/stat.h>
| #endif
| #ifdef STDC_HEADERS
| # include <stdlib.h>
| # include <stddef.h>
| #else
| # ifdef HAVE_STDLIB_H
| #  include <stdlib.h>
| # endif
| #endif
| #ifdef HAVE_STRING_H
| # if !defined STDC_HEADERS && defined HAVE_MEMORY_H
| #  include <memory.h>
| # endif
| # include <string.h>
| #endif
| #ifdef HAVE_STRINGS_H
| # include <strings.h>
| #endif
| #ifdef HAVE_INTTYPES_H
| # include <inttypes.h>
| #endif
| #ifdef HAVE_STDINT_H
| # include <stdint.h>
| #endif
| #ifdef HAVE_UNISTD_H
| # include <unistd.h>
| #endif
|    typedef short ac__type_sizeof_;
| int
| main ()
| {
| static int test_array [1 - 2 * !(((long int) (sizeof (ac__type_sizeof_))) <= 1)];
| test_array [0] = 0
| 
|   ;
|   return 0;
| }
configure:5841: /opt/freescale/usr/local/gcc-4.1.2-glibc-2.5-nptl-3/arm-none-linux-gnueabi/bin/arm-none-linux-gnueabi-gcc -c -I/home/smb/vte/testcases/third_party_suite/network/tcpdump-3.9.8/../../../../openlibs/include/  conftest.c >&5
configure:5847: $? = 0
configure:5996: /opt/freescale/usr/local/gcc-4.1.2-glibc-2.5-nptl-3/arm-none-linux-gnueabi/bin/arm-none-linux-gnueabi-gcc -c -I/home/smb/vte/testcases/third_party_suite/network/tcpdump-3.9.8/../../../../openlibs/include/  conftest.c >&5
configure:6002: $? = 0
configure:6110: result: 2
configure:6120: checking for int
configure:6150: /opt/freescale/usr/local/gcc-4.1.2-glibc-2.5-nptl-3/arm-none-linux-gnueabi/bin/arm-none-linux-gnueabi-gcc -c -I/home/smb/vte/testcases/third_party_suite/network/tcpdump-3.9.8/../../../../openlibs/include/  conftest.c >&5
configure:6156: $? = 0
configure:6171: result: yes
configure:6178: checking size of int
configure:6209: /opt/freescale/usr/local/gcc-4.1.2-glibc-2.5-nptl-3/arm-none-linux-gnueabi/bin/arm-none-linux-gnueabi-gcc -c -I/home/smb/vte/testcases/third_party_suite/network/tcpdump-3.9.8/../../../../openlibs/include/  conftest.c >&5
configure:6215: $? = 0
configure:6246: /opt/freescale/usr/local/gcc-4.1.2-glibc-2.5-nptl-3/arm-none-linux-gnueabi/bin/arm-none-linux-gnueabi-gcc -c -I/home/smb/vte/testcases/third_party_suite/network/tcpdump-3.9.8/../../../../openlibs/include/  conftest.c >&5
conftest.c: In function 'main':
conftest.c:63: error: size of array 'test_array' is negative
configure:6252: $? = 1
configure: failed program was:
| /* confdefs.h.  */
| #define PACKAGE_NAME ""
| #define PACKAGE_TARNAME ""
| #define PACKAGE_VERSION ""
| #define PACKAGE_STRING ""
| #define PACKAGE_BUGREPORT ""
| #define inline inline
| #define HAVE___ATTRIBUTE__ 1
| #define STDC_HEADERS 1
| #define HAVE_SYS_TYPES_H 1
| #define HAVE_SYS_STAT_H 1
| #define HAVE_STDLIB_H 1
| #define HAVE_STRING_H 1
| #define HAVE_MEMORY_H 1
| #define HAVE_STRINGS_H 1
| #define HAVE_INTTYPES_H 1
| #define HAVE_STDINT_H 1
| #define HAVE_UNISTD_H 1
| #define HAVE_FCNTL_H 1
| #define HAVE_NETINET_IF_ETHER_H 1
| #define TIME_WITH_SYS_TIME 1
| #define TCPDUMP_DO_SMB 1
| #define SIZEOF_CHAR 1
| #define SIZEOF_SHORT 2
| /* end confdefs.h.  */
| #include <stdio.h>
| #ifdef HAVE_SYS_TYPES_H
| # include <sys/types.h>
| #endif
| #ifdef HAVE_SYS_STAT_H
| # include <sys/stat.h>
| #endif
| #ifdef STDC_HEADERS
| # include <stdlib.h>
| # include <stddef.h>
| #else
| # ifdef HAVE_STDLIB_H
| #  include <stdlib.h>
| # endif
| #endif
| #ifdef HAVE_STRING_H
| # if !defined STDC_HEADERS && defined HAVE_MEMORY_H
| #  include <memory.h>
| # endif
| # include <string.h>
| #endif
| #ifdef HAVE_STRINGS_H
| # include <strings.h>
| #endif
| #ifdef HAVE_INTTYPES_H
| # include <inttypes.h>
| #endif
| #ifdef HAVE_STDINT_H
| # include <stdint.h>
| #endif
| #ifdef HAVE_UNISTD_H
| # include <unistd.h>
| #endif
|    typedef int ac__type_sizeof_;
| int
| main ()
| {
| static int test_array [1 - 2 * !(((long int) (sizeof (ac__type_sizeof_))) <= 0)];
| test_array [0] = 0
| 
|   ;
|   return 0;
| }
configure:6246: /opt/freescale/usr/local/gcc-4.1.2-glibc-2.5-nptl-3/arm-none-linux-gnueabi/bin/arm-none-linux-gnueabi-gcc -c -I/home/smb/vte/testcases/third_party_suite/network/tcpdump-3.9.8/../../../../openlibs/include/  conftest.c >&5
conftest.c: In function 'main':
conftest.c:63: error: size of array 'test_array' is negative
configure:6252: $? = 1
configure: failed program was:
| /* confdefs.h.  */
| #define PACKAGE_NAME ""
| #define PACKAGE_TARNAME ""
| #define PACKAGE_VERSION ""
| #define PACKAGE_STRING ""
| #define PACKAGE_BUGREPORT ""
| #define inline inline
| #define HAVE___ATTRIBUTE__ 1
| #define STDC_HEADERS 1
| #define HAVE_SYS_TYPES_H 1
| #define HAVE_SYS_STAT_H 1
| #define HAVE_STDLIB_H 1
| #define HAVE_STRING_H 1
| #define HAVE_MEMORY_H 1
| #define HAVE_STRINGS_H 1
| #define HAVE_INTTYPES_H 1
| #define HAVE_STDINT_H 1
| #define HAVE_UNISTD_H 1
| #define HAVE_FCNTL_H 1
| #define HAVE_NETINET_IF_ETHER_H 1
| #define TIME_WITH_SYS_TIME 1
| #define TCPDUMP_DO_SMB 1
| #define SIZEOF_CHAR 1
| #define SIZEOF_SHORT 2
| /* end confdefs.h.  */
| #include <stdio.h>
| #ifdef HAVE_SYS_TYPES_H
| # include <sys/types.h>
| #endif
| #ifdef HAVE_SYS_STAT_H
| # include <sys/stat.h>
| #endif
| #ifdef STDC_HEADERS
| # include <stdlib.h>
| # include <stddef.h>
| #else
| # ifdef HAVE_STDLIB_H
| #  include <stdlib.h>
| # endif
| #endif
| #ifdef HAVE_STRING_H
| # if !defined STDC_HEADERS && defined HAVE_MEMORY_H
| #  include <memory.h>
| # endif
| # include <string.h>
| #endif
| #ifdef HAVE_STRINGS_H
| # include <strings.h>
| #endif
| #ifdef HAVE_INTTYPES_H
| # include <inttypes.h>
| #endif
| #ifdef HAVE_STDINT_H
| # include <stdint.h>
| #endif
| #ifdef HAVE_UNISTD_H
| # include <unistd.h>
| #endif
|    typedef int ac__type_sizeof_;
| int
| main ()
| {
| static int test_array [1 - 2 * !(((long int) (sizeof (ac__type_sizeof_))) <= 1)];
| test_array [0] = 0
| 
|   ;
|   return 0;
| }
configure:6246: /opt/freescale/usr/local/gcc-4.1.2-glibc-2.5-nptl-3/arm-none-linux-gnueabi/bin/arm-none-linux-gnueabi-gcc -c -I/home/smb/vte/testcases/third_party_suite/network/tcpdump-3.9.8/../../../../openlibs/include/  conftest.c >&5
conftest.c: In function 'main':
conftest.c:63: error: size of array 'test_array' is negative
configure:6252: $? = 1
configure: failed program was:
| /* confdefs.h.  */
| #define PACKAGE_NAME ""
| #define PACKAGE_TARNAME ""
| #define PACKAGE_VERSION ""
| #define PACKAGE_STRING ""
| #define PACKAGE_BUGREPORT ""
| #define inline inline
| #define HAVE___ATTRIBUTE__ 1
| #define STDC_HEADERS 1
| #define HAVE_SYS_TYPES_H 1
| #define HAVE_SYS_STAT_H 1
| #define HAVE_STDLIB_H 1
| #define HAVE_STRING_H 1
| #define HAVE_MEMORY_H 1
| #define HAVE_STRINGS_H 1
| #define HAVE_INTTYPES_H 1
| #define HAVE_STDINT_H 1
| #define HAVE_UNISTD_H 1
| #define HAVE_FCNTL_H 1
| #define HAVE_NETINET_IF_ETHER_H 1
| #define TIME_WITH_SYS_TIME 1
| #define TCPDUMP_DO_SMB 1
| #define SIZEOF_CHAR 1
| #define SIZEOF_SHORT 2
| /* end confdefs.h.  */
| #include <stdio.h>
| #ifdef HAVE_SYS_TYPES_H
| # include <sys/types.h>
| #endif
| #ifdef HAVE_SYS_STAT_H
| # include <sys/stat.h>
| #endif
| #ifdef STDC_HEADERS
| # include <stdlib.h>
| # include <stddef.h>
| #else
| # ifdef HAVE_STDLIB_H
| #  include <stdlib.h>
| # endif
| #endif
| #ifdef HAVE_STRING_H
| # if !defined STDC_HEADERS && defined HAVE_MEMORY_H
| #  include <memory.h>
| # endif
| # include <string.h>
| #endif
| #ifdef HAVE_STRINGS_H
| # include <strings.h>
| #endif
| #ifdef HAVE_INTTYPES_H
| # include <inttypes.h>
| #endif
| #ifdef HAVE_STDINT_H
| # include <stdint.h>
| #endif
| #ifdef HAVE_UNISTD_H
| # include <unistd.h>
| #endif
|    typedef int ac__type_sizeof_;
| int
| main ()
| {
| static int test_array [1 - 2 * !(((long int) (sizeof (ac__type_sizeof_))) <= 3)];
| test_array [0] = 0
| 
|   ;
|   return 0;
| }
configure:6246: /opt/freescale/usr/local/gcc-4.1.2-glibc-2.5-nptl-3/arm-none-linux-gnueabi/bin/arm-none-linux-gnueabi-gcc -c -I/home/smb/vte/testcases/third_party_suite/network/tcpdump-3.9.8/../../../../openlibs/include/  conftest.c >&5
configure:6252: $? = 0
configure:6401: /opt/freescale/usr/local/gcc-4.1.2-glibc-2.5-nptl-3/arm-none-linux-gnueabi/bin/arm-none-linux-gnueabi-gcc -c -I/home/smb/vte/testcases/third_party_suite/network/tcpdump-3.9.8/../../../../openlibs/include/  conftest.c >&5
configure:6407: $? = 0
configure:6401: /opt/freescale/usr/local/gcc-4.1.2-glibc-2.5-nptl-3/arm-none-linux-gnueabi/bin/arm-none-linux-gnueabi-gcc -c -I/home/smb/vte/testcases/third_party_suite/network/tcpdump-3.9.8/../../../../openlibs/include/  conftest.c >&5
configure:6407: $? = 0
configure:6515: result: 4
configure:6525: checking for long
configure:6555: /opt/freescale/usr/local/gcc-4.1.2-glibc-2.5-nptl-3/arm-none-linux-gnueabi/bin/arm-none-linux-gnueabi-gcc -c -I/home/smb/vte/testcases/third_party_suite/network/tcpdump-3.9.8/../../../../openlibs/include/  conftest.c >&5
configure:6561: $? = 0
configure:6576: result: yes
configure:6583: checking size of long
configure:6614: /opt/freescale/usr/local/gcc-4.1.2-glibc-2.5-nptl-3/arm-none-linux-gnueabi/bin/arm-none-linux-gnueabi-gcc -c -I/home/smb/vte/testcases/third_party_suite/network/tcpdump-3.9.8/../../../../openlibs/include/  conftest.c >&5
configure:6620: $? = 0
configure:6651: /opt/freescale/usr/local/gcc-4.1.2-glibc-2.5-nptl-3/arm-none-linux-gnueabi/bin/arm-none-linux-gnueabi-gcc -c -I/home/smb/vte/testcases/third_party_suite/network/tcpdump-3.9.8/../../../../openlibs/include/  conftest.c >&5
conftest.c: In function 'main':
conftest.c:64: error: size of array 'test_array' is negative
configure:6657: $? = 1
configure: failed program was:
| /* confdefs.h.  */
| #define PACKAGE_NAME ""
| #define PACKAGE_TARNAME ""
| #define PACKAGE_VERSION ""
| #define PACKAGE_STRING ""
| #define PACKAGE_BUGREPORT ""
| #define inline inline
| #define HAVE___ATTRIBUTE__ 1
| #define STDC_HEADERS 1
| #define HAVE_SYS_TYPES_H 1
| #define HAVE_SYS_STAT_H 1
| #define HAVE_STDLIB_H 1
| #define HAVE_STRING_H 1
| #define HAVE_MEMORY_H 1
| #define HAVE_STRINGS_H 1
| #define HAVE_INTTYPES_H 1
| #define HAVE_STDINT_H 1
| #define HAVE_UNISTD_H 1
| #define HAVE_FCNTL_H 1
| #define HAVE_NETINET_IF_ETHER_H 1
| #define TIME_WITH_SYS_TIME 1
| #define TCPDUMP_DO_SMB 1
| #define SIZEOF_CHAR 1
| #define SIZEOF_SHORT 2
| #define SIZEOF_INT 4
| /* end confdefs.h.  */
| #include <stdio.h>
| #ifdef HAVE_SYS_TYPES_H
| # include <sys/types.h>
| #endif
| #ifdef HAVE_SYS_STAT_H
| # include <sys/stat.h>
| #endif
| #ifdef STDC_HEADERS
| # include <stdlib.h>
| # include <stddef.h>
| #else
| # ifdef HAVE_STDLIB_H
| #  include <stdlib.h>
| # endif
| #endif
| #ifdef HAVE_STRING_H
| # if !defined STDC_HEADERS && defined HAVE_MEMORY_H
| #  include <memory.h>
| # endif
| # include <string.h>
| #endif
| #ifdef HAVE_STRINGS_H
| # include <strings.h>
| #endif
| #ifdef HAVE_INTTYPES_H
| # include <inttypes.h>
| #endif
| #ifdef HAVE_STDINT_H
| # include <stdint.h>
| #endif
| #ifdef HAVE_UNISTD_H
| # include <unistd.h>
| #endif
|    typedef long ac__type_sizeof_;
| int
| main ()
| {
| static int test_array [1 - 2 * !(((long int) (sizeof (ac__type_sizeof_))) <= 0)];
| test_array [0] = 0
| 
|   ;
|   return 0;
| }
configure:6651: /opt/freescale/usr/local/gcc-4.1.2-glibc-2.5-nptl-3/arm-none-linux-gnueabi/bin/arm-none-linux-gnueabi-gcc -c -I/home/smb/vte/testcases/third_party_suite/network/tcpdump-3.9.8/../../../../openlibs/include/  conftest.c >&5
conftest.c: In function 'main':
conftest.c:64: error: size of array 'test_array' is negative
configure:6657: $? = 1
configure: failed program was:
| /* confdefs.h.  */
| #define PACKAGE_NAME ""
| #define PACKAGE_TARNAME ""
| #define PACKAGE_VERSION ""
| #define PACKAGE_STRING ""
| #define PACKAGE_BUGREPORT ""
| #define inline inline
| #define HAVE___ATTRIBUTE__ 1
| #define STDC_HEADERS 1
| #define HAVE_SYS_TYPES_H 1
| #define HAVE_SYS_STAT_H 1
| #define HAVE_STDLIB_H 1
| #define HAVE_STRING_H 1
| #define HAVE_MEMORY_H 1
| #define HAVE_STRINGS_H 1
| #define HAVE_INTTYPES_H 1
| #define HAVE_STDINT_H 1
| #define HAVE_UNISTD_H 1
| #define HAVE_FCNTL_H 1
| #define HAVE_NETINET_IF_ETHER_H 1
| #define TIME_WITH_SYS_TIME 1
| #define TCPDUMP_DO_SMB 1
| #define SIZEOF_CHAR 1
| #define SIZEOF_SHORT 2
| #define SIZEOF_INT 4
| /* end confdefs.h.  */
| #include <stdio.h>
| #ifdef HAVE_SYS_TYPES_H
| # include <sys/types.h>
| #endif
| #ifdef HAVE_SYS_STAT_H
| # include <sys/stat.h>
| #endif
| #ifdef STDC_HEADERS
| # include <stdlib.h>
| # include <stddef.h>
| #else
| # ifdef HAVE_STDLIB_H
| #  include <stdlib.h>
| # endif
| #endif
| #ifdef HAVE_STRING_H
| # if !defined STDC_HEADERS && defined HAVE_MEMORY_H
| #  include <memory.h>
| # endif
| # include <string.h>
| #endif
| #ifdef HAVE_STRINGS_H
| # include <strings.h>
| #endif
| #ifdef HAVE_INTTYPES_H
| # include <inttypes.h>
| #endif
| #ifdef HAVE_STDINT_H
| # include <stdint.h>
| #endif
| #ifdef HAVE_UNISTD_H
| # include <unistd.h>
| #endif
|    typedef long ac__type_sizeof_;
| int
| main ()
| {
| static int test_array [1 - 2 * !(((long int) (sizeof (ac__type_sizeof_))) <= 1)];
| test_array [0] = 0
| 
|   ;
|   return 0;
| }
configure:6651: /opt/freescale/usr/local/gcc-4.1.2-glibc-2.5-nptl-3/arm-none-linux-gnueabi/bin/arm-none-linux-gnueabi-gcc -c -I/home/smb/vte/testcases/third_party_suite/network/tcpdump-3.9.8/../../../../openlibs/include/  conftest.c >&5
conftest.c: In function 'main':
conftest.c:64: error: size of array 'test_array' is negative
configure:6657: $? = 1
configure: failed program was:
| /* confdefs.h.  */
| #define PACKAGE_NAME ""
| #define PACKAGE_TARNAME ""
| #define PACKAGE_VERSION ""
| #define PACKAGE_STRING ""
| #define PACKAGE_BUGREPORT ""
| #define inline inline
| #define HAVE___ATTRIBUTE__ 1
| #define STDC_HEADERS 1
| #define HAVE_SYS_TYPES_H 1
| #define HAVE_SYS_STAT_H 1
| #define HAVE_STDLIB_H 1
| #define HAVE_STRING_H 1
| #define HAVE_MEMORY_H 1
| #define HAVE_STRINGS_H 1
| #define HAVE_INTTYPES_H 1
| #define HAVE_STDINT_H 1
| #define HAVE_UNISTD_H 1
| #define HAVE_FCNTL_H 1
| #define HAVE_NETINET_IF_ETHER_H 1
| #define TIME_WITH_SYS_TIME 1
| #define TCPDUMP_DO_SMB 1
| #define SIZEOF_CHAR 1
| #define SIZEOF_SHORT 2
| #define SIZEOF_INT 4
| /* end confdefs.h.  */
| #include <stdio.h>
| #ifdef HAVE_SYS_TYPES_H
| # include <sys/types.h>
| #endif
| #ifdef HAVE_SYS_STAT_H
| # include <sys/stat.h>
| #endif
| #ifdef STDC_HEADERS
| # include <stdlib.h>
| # include <stddef.h>
| #else
| # ifdef HAVE_STDLIB_H
| #  include <stdlib.h>
| # endif
| #endif
| #ifdef HAVE_STRING_H
| # if !defined STDC_HEADERS && defined HAVE_MEMORY_H
| #  include <memory.h>
| # endif
| # include <string.h>
| #endif
| #ifdef HAVE_STRINGS_H
| # include <strings.h>
| #endif
| #ifdef HAVE_INTTYPES_H
| # include <inttypes.h>
| #endif
| #ifdef HAVE_STDINT_H
| # include <stdint.h>
| #endif
| #ifdef HAVE_UNISTD_H
| # include <unistd.h>
| #endif
|    typedef long ac__type_sizeof_;
| int
| main ()
| {
| static int test_array [1 - 2 * !(((long int) (sizeof (ac__type_sizeof_))) <= 3)];
| test_array [0] = 0
| 
|   ;
|   return 0;
| }
configure:6651: /opt/freescale/usr/local/gcc-4.1.2-glibc-2.5-nptl-3/arm-none-linux-gnueabi/bin/arm-none-linux-gnueabi-gcc -c -I/home/smb/vte/testcases/third_party_suite/network/tcpdump-3.9.8/../../../../openlibs/include/  conftest.c >&5
configure:6657: $? = 0
configure:6806: /opt/freescale/usr/local/gcc-4.1.2-glibc-2.5-nptl-3/arm-none-linux-gnueabi/bin/arm-none-linux-gnueabi-gcc -c -I/home/smb/vte/testcases/third_party_suite/network/tcpdump-3.9.8/../../../../openlibs/include/  conftest.c >&5
configure:6812: $? = 0
configure:6806: /opt/freescale/usr/local/gcc-4.1.2-glibc-2.5-nptl-3/arm-none-linux-gnueabi/bin/arm-none-linux-gnueabi-gcc -c -I/home/smb/vte/testcases/third_party_suite/network/tcpdump-3.9.8/../../../../openlibs/include/  conftest.c >&5
configure:6812: $? = 0
configure:6920: result: 4
configure:6930: checking for long long
configure:6960: /opt/freescale/usr/local/gcc-4.1.2-glibc-2.5-nptl-3/arm-none-linux-gnueabi/bin/arm-none-linux-gnueabi-gcc -c -I/home/smb/vte/testcases/third_party_suite/network/tcpdump-3.9.8/../../../../openlibs/include/  conftest.c >&5
configure:6966: $? = 0
configure:6981: result: yes
configure:6988: checking size of long long
configure:7019: /opt/freescale/usr/local/gcc-4.1.2-glibc-2.5-nptl-3/arm-none-linux-gnueabi/bin/arm-none-linux-gnueabi-gcc -c -I/home/smb/vte/testcases/third_party_suite/network/tcpdump-3.9.8/../../../../openlibs/include/  conftest.c >&5
configure:7025: $? = 0
configure:7056: /opt/freescale/usr/local/gcc-4.1.2-glibc-2.5-nptl-3/arm-none-linux-gnueabi/bin/arm-none-linux-gnueabi-gcc -c -I/home/smb/vte/testcases/third_party_suite/network/tcpdump-3.9.8/../../../../openlibs/include/  conftest.c >&5
conftest.c: In function 'main':
conftest.c:65: error: size of array 'test_array' is negative
configure:7062: $? = 1
configure: failed program was:
| /* confdefs.h.  */
| #define PACKAGE_NAME ""
| #define PACKAGE_TARNAME ""
| #define PACKAGE_VERSION ""
| #define PACKAGE_STRING ""
| #define PACKAGE_BUGREPORT ""
| #define inline inline
| #define HAVE___ATTRIBUTE__ 1
| #define STDC_HEADERS 1
| #define HAVE_SYS_TYPES_H 1
| #define HAVE_SYS_STAT_H 1
| #define HAVE_STDLIB_H 1
| #define HAVE_STRING_H 1
| #define HAVE_MEMORY_H 1
| #define HAVE_STRINGS_H 1
| #define HAVE_INTTYPES_H 1
| #define HAVE_STDINT_H 1
| #define HAVE_UNISTD_H 1
| #define HAVE_FCNTL_H 1
| #define HAVE_NETINET_IF_ETHER_H 1
| #define TIME_WITH_SYS_TIME 1
| #define TCPDUMP_DO_SMB 1
| #define SIZEOF_CHAR 1
| #define SIZEOF_SHORT 2
| #define SIZEOF_INT 4
| #define SIZEOF_LONG 4
| /* end confdefs.h.  */
| #include <stdio.h>
| #ifdef HAVE_SYS_TYPES_H
| # include <sys/types.h>
| #endif
| #ifdef HAVE_SYS_STAT_H
| # include <sys/stat.h>
| #endif
| #ifdef STDC_HEADERS
| # include <stdlib.h>
| # include <stddef.h>
| #else
| # ifdef HAVE_STDLIB_H
| #  include <stdlib.h>
| # endif
| #endif
| #ifdef HAVE_STRING_H
| # if !defined STDC_HEADERS && defined HAVE_MEMORY_H
| #  include <memory.h>
| # endif
| # include <string.h>
| #endif
| #ifdef HAVE_STRINGS_H
| # include <strings.h>
| #endif
| #ifdef HAVE_INTTYPES_H
| # include <inttypes.h>
| #endif
| #ifdef HAVE_STDINT_H
| # include <stdint.h>
| #endif
| #ifdef HAVE_UNISTD_H
| # include <unistd.h>
| #endif
|    typedef long long ac__type_sizeof_;
| int
| main ()
| {
| static int test_array [1 - 2 * !(((long int) (sizeof (ac__type_sizeof_))) <= 0)];
| test_array [0] = 0
| 
|   ;
|   return 0;
| }
configure:7056: /opt/freescale/usr/local/gcc-4.1.2-glibc-2.5-nptl-3/arm-none-linux-gnueabi/bin/arm-none-linux-gnueabi-gcc -c -I/home/smb/vte/testcases/third_party_suite/network/tcpdump-3.9.8/../../../../openlibs/include/  conftest.c >&5
conftest.c: In function 'main':
conftest.c:65: error: size of array 'test_array' is negative
configure:7062: $? = 1
configure: failed program was:
| /* confdefs.h.  */
| #define PACKAGE_NAME ""
| #define PACKAGE_TARNAME ""
| #define PACKAGE_VERSION ""
| #define PACKAGE_STRING ""
| #define PACKAGE_BUGREPORT ""
| #define inline inline
| #define HAVE___ATTRIBUTE__ 1
| #define STDC_HEADERS 1
| #define HAVE_SYS_TYPES_H 1
| #define HAVE_SYS_STAT_H 1
| #define HAVE_STDLIB_H 1
| #define HAVE_STRING_H 1
| #define HAVE_MEMORY_H 1
| #define HAVE_STRINGS_H 1
| #define HAVE_INTTYPES_H 1
| #define HAVE_STDINT_H 1
| #define HAVE_UNISTD_H 1
| #define HAVE_FCNTL_H 1
| #define HAVE_NETINET_IF_ETHER_H 1
| #define TIME_WITH_SYS_TIME 1
| #define TCPDUMP_DO_SMB 1
| #define SIZEOF_CHAR 1
| #define SIZEOF_SHORT 2
| #define SIZEOF_INT 4
| #define SIZEOF_LONG 4
| /* end confdefs.h.  */
| #include <stdio.h>
| #ifdef HAVE_SYS_TYPES_H
| # include <sys/types.h>
| #endif
| #ifdef HAVE_SYS_STAT_H
| # include <sys/stat.h>
| #endif
| #ifdef STDC_HEADERS
| # include <stdlib.h>
| # include <stddef.h>
| #else
| # ifdef HAVE_STDLIB_H
| #  include <stdlib.h>
| # endif
| #endif
| #ifdef HAVE_STRING_H
| # if !defined STDC_HEADERS && defined HAVE_MEMORY_H
| #  include <memory.h>
| # endif
| # include <string.h>
| #endif
| #ifdef HAVE_STRINGS_H
| # include <strings.h>
| #endif
| #ifdef HAVE_INTTYPES_H
| # include <inttypes.h>
| #endif
| #ifdef HAVE_STDINT_H
| # include <stdint.h>
| #endif
| #ifdef HAVE_UNISTD_H
| # include <unistd.h>
| #endif
|    typedef long long ac__type_sizeof_;
| int
| main ()
| {
| static int test_array [1 - 2 * !(((long int) (sizeof (ac__type_sizeof_))) <= 1)];
| test_array [0] = 0
| 
|   ;
|   return 0;
| }
configure:7056: /opt/freescale/usr/local/gcc-4.1.2-glibc-2.5-nptl-3/arm-none-linux-gnueabi/bin/arm-none-linux-gnueabi-gcc -c -I/home/smb/vte/testcases/third_party_suite/network/tcpdump-3.9.8/../../../../openlibs/include/  conftest.c >&5
conftest.c: In function 'main':
conftest.c:65: error: size of array 'test_array' is negative
configure:7062: $? = 1
configure: failed program was:
| /* confdefs.h.  */
| #define PACKAGE_NAME ""
| #define PACKAGE_TARNAME ""
| #define PACKAGE_VERSION ""
| #define PACKAGE_STRING ""
| #define PACKAGE_BUGREPORT ""
| #define inline inline
| #define HAVE___ATTRIBUTE__ 1
| #define STDC_HEADERS 1
| #define HAVE_SYS_TYPES_H 1
| #define HAVE_SYS_STAT_H 1
| #define HAVE_STDLIB_H 1
| #define HAVE_STRING_H 1
| #define HAVE_MEMORY_H 1
| #define HAVE_STRINGS_H 1
| #define HAVE_INTTYPES_H 1
| #define HAVE_STDINT_H 1
| #define HAVE_UNISTD_H 1
| #define HAVE_FCNTL_H 1
| #define HAVE_NETINET_IF_ETHER_H 1
| #define TIME_WITH_SYS_TIME 1
| #define TCPDUMP_DO_SMB 1
| #define SIZEOF_CHAR 1
| #define SIZEOF_SHORT 2
| #define SIZEOF_INT 4
| #define SIZEOF_LONG 4
| /* end confdefs.h.  */
| #include <stdio.h>
| #ifdef HAVE_SYS_TYPES_H
| # include <sys/types.h>
| #endif
| #ifdef HAVE_SYS_STAT_H
| # include <sys/stat.h>
| #endif
| #ifdef STDC_HEADERS
| # include <stdlib.h>
| # include <stddef.h>
| #else
| # ifdef HAVE_STDLIB_H
| #  include <stdlib.h>
| # endif
| #endif
| #ifdef HAVE_STRING_H
| # if !defined STDC_HEADERS && defined HAVE_MEMORY_H
| #  include <memory.h>
| # endif
| # include <string.h>
| #endif
| #ifdef HAVE_STRINGS_H
| # include <strings.h>
| #endif
| #ifdef HAVE_INTTYPES_H
| # include <inttypes.h>
| #endif
| #ifdef HAVE_STDINT_H
| # include <stdint.h>
| #endif
| #ifdef HAVE_UNISTD_H
| # include <unistd.h>
| #endif
|    typedef long long ac__type_sizeof_;
| int
| main ()
| {
| static int test_array [1 - 2 * !(((long int) (sizeof (ac__type_sizeof_))) <= 3)];
| test_array [0] = 0
| 
|   ;
|   return 0;
| }
configure:7056: /opt/freescale/usr/local/gcc-4.1.2-glibc-2.5-nptl-3/arm-none-linux-gnueabi/bin/arm-none-linux-gnueabi-gcc -c -I/home/smb/vte/testcases/third_party_suite/network/tcpdump-3.9.8/../../../../openlibs/include/  conftest.c >&5
conftest.c: In function 'main':
conftest.c:65: error: size of array 'test_array' is negative
configure:7062: $? = 1
configure: failed program was:
| /* confdefs.h.  */
| #define PACKAGE_NAME ""
| #define PACKAGE_TARNAME ""
| #define PACKAGE_VERSION ""
| #define PACKAGE_STRING ""
| #define PACKAGE_BUGREPORT ""
| #define inline inline
| #define HAVE___ATTRIBUTE__ 1
| #define STDC_HEADERS 1
| #define HAVE_SYS_TYPES_H 1
| #define HAVE_SYS_STAT_H 1
| #define HAVE_STDLIB_H 1
| #define HAVE_STRING_H 1
| #define HAVE_MEMORY_H 1
| #define HAVE_STRINGS_H 1
| #define HAVE_INTTYPES_H 1
| #define HAVE_STDINT_H 1
| #define HAVE_UNISTD_H 1
| #define HAVE_FCNTL_H 1
| #define HAVE_NETINET_IF_ETHER_H 1
| #define TIME_WITH_SYS_TIME 1
| #define TCPDUMP_DO_SMB 1
| #define SIZEOF_CHAR 1
| #define SIZEOF_SHORT 2
| #define SIZEOF_INT 4
| #define SIZEOF_LONG 4
| /* end confdefs.h.  */
| #include <stdio.h>
| #ifdef HAVE_SYS_TYPES_H
| # include <sys/types.h>
| #endif
| #ifdef HAVE_SYS_STAT_H
| # include <sys/stat.h>
| #endif
| #ifdef STDC_HEADERS
| # include <stdlib.h>
| # include <stddef.h>
| #else
| # ifdef HAVE_STDLIB_H
| #  include <stdlib.h>
| # endif
| #endif
| #ifdef HAVE_STRING_H
| # if !defined STDC_HEADERS && defined HAVE_MEMORY_H
| #  include <memory.h>
| # endif
| # include <string.h>
| #endif
| #ifdef HAVE_STRINGS_H
| # include <strings.h>
| #endif
| #ifdef HAVE_INTTYPES_H
| # include <inttypes.h>
| #endif
| #ifdef HAVE_STDINT_H
| # include <stdint.h>
| #endif
| #ifdef HAVE_UNISTD_H
| # include <unistd.h>
| #endif
|    typedef long long ac__type_sizeof_;
| int
| main ()
| {
| static int test_array [1 - 2 * !(((long int) (sizeof (ac__type_sizeof_))) <= 7)];
| test_array [0] = 0
| 
|   ;
|   return 0;
| }
configure:7056: /opt/freescale/usr/local/gcc-4.1.2-glibc-2.5-nptl-3/arm-none-linux-gnueabi/bin/arm-none-linux-gnueabi-gcc -c -I/home/smb/vte/testcases/third_party_suite/network/tcpdump-3.9.8/../../../../openlibs/include/  conftest.c >&5
configure:7062: $? = 0
configure:7211: /opt/freescale/usr/local/gcc-4.1.2-glibc-2.5-nptl-3/arm-none-linux-gnueabi/bin/arm-none-linux-gnueabi-gcc -c -I/home/smb/vte/testcases/third_party_suite/network/tcpdump-3.9.8/../../../../openlibs/include/  conftest.c >&5
configure:7217: $? = 0
configure:7211: /opt/freescale/usr/local/gcc-4.1.2-glibc-2.5-nptl-3/arm-none-linux-gnueabi/bin/arm-none-linux-gnueabi-gcc -c -I/home/smb/vte/testcases/third_party_suite/network/tcpdump-3.9.8/../../../../openlibs/include/  conftest.c >&5
configure:7217: $? = 0
configure:7211: /opt/freescale/usr/local/gcc-4.1.2-glibc-2.5-nptl-3/arm-none-linux-gnueabi/bin/arm-none-linux-gnueabi-gcc -c -I/home/smb/vte/testcases/third_party_suite/network/tcpdump-3.9.8/../../../../openlibs/include/  conftest.c >&5
configure:7217: $? = 0
configure:7325: result: 8
configure:7338: checking for addrinfo
configure:7365: /opt/freescale/usr/local/gcc-4.1.2-glibc-2.5-nptl-3/arm-none-linux-gnueabi/bin/arm-none-linux-gnueabi-gcc -c -I/home/smb/vte/testcases/third_party_suite/network/tcpdump-3.9.8/../../../../openlibs/include/  conftest.c >&5
configure:7371: $? = 0
configure:7387: result: yes
configure:7406: checking for NI_MAXSERV
configure:7432: result: yes
configure:7446: checking for NI_NAMEREQD
configure:7472: result: yes
configure:7486: checking for sockaddr_storage
configure:7514: /opt/freescale/usr/local/gcc-4.1.2-glibc-2.5-nptl-3/arm-none-linux-gnueabi/bin/arm-none-linux-gnueabi-gcc -c -I/home/smb/vte/testcases/third_party_suite/network/tcpdump-3.9.8/../../../../openlibs/include/  conftest.c >&5
configure:7520: $? = 0
configure:7536: result: yes
configure:7551: checking for INADDRSZ
configure:7578: /opt/freescale/usr/local/gcc-4.1.2-glibc-2.5-nptl-3/arm-none-linux-gnueabi/bin/arm-none-linux-gnueabi-gcc -c -I/home/smb/vte/testcases/third_party_suite/network/tcpdump-3.9.8/../../../../openlibs/include/  conftest.c >&5
configure:7584: $? = 0
configure:7600: result: yes
configure:7610: checking for IN6ADDRSZ
configure:7637: /opt/freescale/usr/local/gcc-4.1.2-glibc-2.5-nptl-3/arm-none-linux-gnueabi/bin/arm-none-linux-gnueabi-gcc -c -I/home/smb/vte/testcases/third_party_suite/network/tcpdump-3.9.8/../../../../openlibs/include/  conftest.c >&5
configure:7643: $? = 0
configure:7659: result: yes
configure:7675: checking for RES_USE_INET6
configure:7704: /opt/freescale/usr/local/gcc-4.1.2-glibc-2.5-nptl-3/arm-none-linux-gnueabi/bin/arm-none-linux-gnueabi-gcc -c -I/home/smb/vte/testcases/third_party_suite/network/tcpdump-3.9.8/../../../../openlibs/include/  conftest.c >&5
configure:7710: $? = 0
configure:7726: result: yes
configure:7740: checking for res_state_ext
configure:7770: /opt/freescale/usr/local/gcc-4.1.2-glibc-2.5-nptl-3/arm-none-linux-gnueabi/bin/arm-none-linux-gnueabi-gcc -c -I/home/smb/vte/testcases/third_party_suite/network/tcpdump-3.9.8/../../../../openlibs/include/  conftest.c >&5
conftest.c:37:28: error: netinet6/in6.h: No such file or directory
conftest.c: In function 'main':
conftest.c:42: error: storage size of 'e' isn't known
configure:7776: $? = 1
configure: failed program was:
| /* confdefs.h.  */
| #define PACKAGE_NAME ""
| #define PACKAGE_TARNAME ""
| #define PACKAGE_VERSION ""
| #define PACKAGE_STRING ""
| #define PACKAGE_BUGREPORT ""
| #define inline inline
| #define HAVE___ATTRIBUTE__ 1
| #define STDC_HEADERS 1
| #define HAVE_SYS_TYPES_H 1
| #define HAVE_SYS_STAT_H 1
| #define HAVE_STDLIB_H 1
| #define HAVE_STRING_H 1
| #define HAVE_MEMORY_H 1
| #define HAVE_STRINGS_H 1
| #define HAVE_INTTYPES_H 1
| #define HAVE_STDINT_H 1
| #define HAVE_UNISTD_H 1
| #define HAVE_FCNTL_H 1
| #define HAVE_NETINET_IF_ETHER_H 1
| #define TIME_WITH_SYS_TIME 1
| #define TCPDUMP_DO_SMB 1
| #define SIZEOF_CHAR 1
| #define SIZEOF_SHORT 2
| #define SIZEOF_INT 4
| #define SIZEOF_LONG 4
| #define SIZEOF_LONG_LONG 8
| #define HAVE_ADDRINFO 1
| #define HAVE_SOCKADDR_STORAGE 1
| #define HAVE_INADDRSZ 1
| #define HAVE_IN6ADDRSZ 1
| #define HAVE_RES_USE_INET6 1
| /* end confdefs.h.  */
| 
| #		include <sys/types.h>
| #		include <netinet/in.h>
| #		include <netinet6/in6.h>
| #		include <resolv.h>
| int
| main ()
| {
| struct __res_state_ext e
|   ;
|   return 0;
| }
configure:7792: result: no
configure:7806: checking for nsort in res_state
configure:7836: /opt/freescale/usr/local/gcc-4.1.2-glibc-2.5-nptl-3/arm-none-linux-gnueabi/bin/arm-none-linux-gnueabi-gcc -c -I/home/smb/vte/testcases/third_party_suite/network/tcpdump-3.9.8/../../../../openlibs/include/  conftest.c >&5
conftest.c:37:28: error: netinet6/in6.h: No such file or directory
configure:7842: $? = 1
configure: failed program was:
| /* confdefs.h.  */
| #define PACKAGE_NAME ""
| #define PACKAGE_TARNAME ""
| #define PACKAGE_VERSION ""
| #define PACKAGE_STRING ""
| #define PACKAGE_BUGREPORT ""
| #define inline inline
| #define HAVE___ATTRIBUTE__ 1
| #define STDC_HEADERS 1
| #define HAVE_SYS_TYPES_H 1
| #define HAVE_SYS_STAT_H 1
| #define HAVE_STDLIB_H 1
| #define HAVE_STRING_H 1
| #define HAVE_MEMORY_H 1
| #define HAVE_STRINGS_H 1
| #define HAVE_INTTYPES_H 1
| #define HAVE_STDINT_H 1
| #define HAVE_UNISTD_H 1
| #define HAVE_FCNTL_H 1
| #define HAVE_NETINET_IF_ETHER_H 1
| #define TIME_WITH_SYS_TIME 1
| #define TCPDUMP_DO_SMB 1
| #define SIZEOF_CHAR 1
| #define SIZEOF_SHORT 2
| #define SIZEOF_INT 4
| #define SIZEOF_LONG 4
| #define SIZEOF_LONG_LONG 8
| #define HAVE_ADDRINFO 1
| #define HAVE_SOCKADDR_STORAGE 1
| #define HAVE_INADDRSZ 1
| #define HAVE_IN6ADDRSZ 1
| #define HAVE_RES_USE_INET6 1
| /* end confdefs.h.  */
| 
| #		include <sys/types.h>
| #		include <netinet/in.h>
| #		include <netinet6/in6.h>
| #		include <resolv.h>
| int
| main ()
| {
| struct __res_state e; e.nsort = 0
|   ;
|   return 0;
| }
configure:7858: result: no
configure:7878: checking for vfprintf
configure:7934: /opt/freescale/usr/local/gcc-4.1.2-glibc-2.5-nptl-3/arm-none-linux-gnueabi/bin/arm-none-linux-gnueabi-gcc -o conftest -I/home/smb/vte/testcases/third_party_suite/network/tcpdump-3.9.8/../../../../openlibs/include/  -L/home/smb/vte/testcases/third_party_suite/network/tcpdump-3.9.8/../../../../openlibs/lib/ conftest.c  >&5
conftest.c:57: warning: conflicting types for built-in function 'vfprintf'
configure:7940: $? = 0
configure:7958: result: yes
configure:7878: checking for strcasecmp
configure:7934: /opt/freescale/usr/local/gcc-4.1.2-glibc-2.5-nptl-3/arm-none-linux-gnueabi/bin/arm-none-linux-gnueabi-gcc -o conftest -I/home/smb/vte/testcases/third_party_suite/network/tcpdump-3.9.8/../../../../openlibs/include/  -L/home/smb/vte/testcases/third_party_suite/network/tcpdump-3.9.8/../../../../openlibs/lib/ conftest.c  >&5
conftest.c:58: warning: conflicting types for built-in function 'strcasecmp'
configure:7940: $? = 0
configure:7958: result: yes
configure:7878: checking for strlcat
configure:7934: /opt/freescale/usr/local/gcc-4.1.2-glibc-2.5-nptl-3/arm-none-linux-gnueabi/bin/arm-none-linux-gnueabi-gcc -o conftest -I/home/smb/vte/testcases/third_party_suite/network/tcpdump-3.9.8/../../../../openlibs/include/  -L/home/smb/vte/testcases/third_party_suite/network/tcpdump-3.9.8/../../../../openlibs/lib/ conftest.c  >&5
/tmp/ccGEHOlG.o: In function `main':
conftest.c:(.text+0xc): undefined reference to `strlcat'
collect2: ld returned 1 exit status
configure:7940: $? = 1
configure: failed program was:
| /* confdefs.h.  */
| #define PACKAGE_NAME ""
| #define PACKAGE_TARNAME ""
| #define PACKAGE_VERSION ""
| #define PACKAGE_STRING ""
| #define PACKAGE_BUGREPORT ""
| #define inline inline
| #define HAVE___ATTRIBUTE__ 1
| #define STDC_HEADERS 1
| #define HAVE_SYS_TYPES_H 1
| #define HAVE_SYS_STAT_H 1
| #define HAVE_STDLIB_H 1
| #define HAVE_STRING_H 1
| #define HAVE_MEMORY_H 1
| #define HAVE_STRINGS_H 1
| #define HAVE_INTTYPES_H 1
| #define HAVE_STDINT_H 1
| #define HAVE_UNISTD_H 1
| #define HAVE_FCNTL_H 1
| #define HAVE_NETINET_IF_ETHER_H 1
| #define TIME_WITH_SYS_TIME 1
| #define TCPDUMP_DO_SMB 1
| #define SIZEOF_CHAR 1
| #define SIZEOF_SHORT 2
| #define SIZEOF_INT 4
| #define SIZEOF_LONG 4
| #define SIZEOF_LONG_LONG 8
| #define HAVE_ADDRINFO 1
| #define HAVE_SOCKADDR_STORAGE 1
| #define HAVE_INADDRSZ 1
| #define HAVE_IN6ADDRSZ 1
| #define HAVE_RES_USE_INET6 1
| #define HAVE_VFPRINTF 1
| #define HAVE_STRCASECMP 1
| /* end confdefs.h.  */
| /* Define strlcat to an innocuous variant, in case <limits.h> declares strlcat.
|    For example, HP-UX 11i <limits.h> declares gettimeofday.  */
| #define strlcat innocuous_strlcat
| 
| /* System header to define __stub macros and hopefully few prototypes,
|     which can conflict with char strlcat (); below.
|     Prefer <limits.h> to <assert.h> if __STDC__ is defined, since
|     <limits.h> exists even on freestanding compilers.  */
| 
| #ifdef __STDC__
| # include <limits.h>
| #else
| # include <assert.h>
| #endif
| 
| #undef strlcat
| 
| /* Override any GCC internal prototype to avoid an error.
|    Use char because int might match the return type of a GCC
|    builtin and then its argument prototype would still apply.  */
| #ifdef __cplusplus
| extern "C"
| #endif
| char strlcat ();
| /* The GNU C library defines this for functions which it implements
|     to always fail with ENOSYS.  Some functions are actually named
|     something starting with __ and the normal name is an alias.  */
| #if defined __stub_strlcat || defined __stub___strlcat
| choke me
| #endif
| 
| int
| main ()
| {
| return strlcat ();
|   ;
|   return 0;
| }
configure:7958: result: no
configure:7878: checking for strlcpy
configure:7934: /opt/freescale/usr/local/gcc-4.1.2-glibc-2.5-nptl-3/arm-none-linux-gnueabi/bin/arm-none-linux-gnueabi-gcc -o conftest -I/home/smb/vte/testcases/third_party_suite/network/tcpdump-3.9.8/../../../../openlibs/include/  -L/home/smb/vte/testcases/third_party_suite/network/tcpdump-3.9.8/../../../../openlibs/lib/ conftest.c  >&5
/tmp/ccOPdh8Q.o: In function `main':
conftest.c:(.text+0xc): undefined reference to `strlcpy'
collect2: ld returned 1 exit status
configure:7940: $? = 1
configure: failed program was:
| /* confdefs.h.  */
| #define PACKAGE_NAME ""
| #define PACKAGE_TARNAME ""
| #define PACKAGE_VERSION ""
| #define PACKAGE_STRING ""
| #define PACKAGE_BUGREPORT ""
| #define inline inline
| #define HAVE___ATTRIBUTE__ 1
| #define STDC_HEADERS 1
| #define HAVE_SYS_TYPES_H 1
| #define HAVE_SYS_STAT_H 1
| #define HAVE_STDLIB_H 1
| #define HAVE_STRING_H 1
| #define HAVE_MEMORY_H 1
| #define HAVE_STRINGS_H 1
| #define HAVE_INTTYPES_H 1
| #define HAVE_STDINT_H 1
| #define HAVE_UNISTD_H 1
| #define HAVE_FCNTL_H 1
| #define HAVE_NETINET_IF_ETHER_H 1
| #define TIME_WITH_SYS_TIME 1
| #define TCPDUMP_DO_SMB 1
| #define SIZEOF_CHAR 1
| #define SIZEOF_SHORT 2
| #define SIZEOF_INT 4
| #define SIZEOF_LONG 4
| #define SIZEOF_LONG_LONG 8
| #define HAVE_ADDRINFO 1
| #define HAVE_SOCKADDR_STORAGE 1
| #define HAVE_INADDRSZ 1
| #define HAVE_IN6ADDRSZ 1
| #define HAVE_RES_USE_INET6 1
| #define HAVE_VFPRINTF 1
| #define HAVE_STRCASECMP 1
| /* end confdefs.h.  */
| /* Define strlcpy to an innocuous variant, in case <limits.h> declares strlcpy.
|    For example, HP-UX 11i <limits.h> declares gettimeofday.  */
| #define strlcpy innocuous_strlcpy
| 
| /* System header to define __stub macros and hopefully few prototypes,
|     which can conflict with char strlcpy (); below.
|     Prefer <limits.h> to <assert.h> if __STDC__ is defined, since
|     <limits.h> exists even on freestanding compilers.  */
| 
| #ifdef __STDC__
| # include <limits.h>
| #else
| # include <assert.h>
| #endif
| 
| #undef strlcpy
| 
| /* Override any GCC internal prototype to avoid an error.
|    Use char because int might match the return type of a GCC
|    builtin and then its argument prototype would still apply.  */
| #ifdef __cplusplus
| extern "C"
| #endif
| char strlcpy ();
| /* The GNU C library defines this for functions which it implements
|     to always fail with ENOSYS.  Some functions are actually named
|     something starting with __ and the normal name is an alias.  */
| #if defined __stub_strlcpy || defined __stub___strlcpy
| choke me
| #endif
| 
| int
| main ()
| {
| return strlcpy ();
|   ;
|   return 0;
| }
configure:7958: result: no
configure:7878: checking for strdup
configure:7934: /opt/freescale/usr/local/gcc-4.1.2-glibc-2.5-nptl-3/arm-none-linux-gnueabi/bin/arm-none-linux-gnueabi-gcc -o conftest -I/home/smb/vte/testcases/third_party_suite/network/tcpdump-3.9.8/../../../../openlibs/include/  -L/home/smb/vte/testcases/third_party_suite/network/tcpdump-3.9.8/../../../../openlibs/lib/ conftest.c  >&5
conftest.c:59: warning: conflicting types for built-in function 'strdup'
configure:7940: $? = 0
configure:7958: result: yes
configure:7878: checking for strsep
configure:7934: /opt/freescale/usr/local/gcc-4.1.2-glibc-2.5-nptl-3/arm-none-linux-gnueabi/bin/arm-none-linux-gnueabi-gcc -o conftest -I/home/smb/vte/testcases/third_party_suite/network/tcpdump-3.9.8/../../../../openlibs/include/  -L/home/smb/vte/testcases/third_party_suite/network/tcpdump-3.9.8/../../../../openlibs/lib/ conftest.c  >&5
configure:7940: $? = 0
configure:7958: result: yes
configure:7980: checking for strftime
configure:8036: /opt/freescale/usr/local/gcc-4.1.2-glibc-2.5-nptl-3/arm-none-linux-gnueabi/bin/arm-none-linux-gnueabi-gcc -o conftest -I/home/smb/vte/testcases/third_party_suite/network/tcpdump-3.9.8/../../../../openlibs/include/  -L/home/smb/vte/testcases/third_party_suite/network/tcpdump-3.9.8/../../../../openlibs/lib/ conftest.c  >&5
conftest.c:61: warning: conflicting types for built-in function 'strftime'
configure:8042: $? = 0
configure:8060: result: yes
configure:8075: checking for setlinebuf
configure:8131: /opt/freescale/usr/local/gcc-4.1.2-glibc-2.5-nptl-3/arm-none-linux-gnueabi/bin/arm-none-linux-gnueabi-gcc -o conftest -I/home/smb/vte/testcases/third_party_suite/network/tcpdump-3.9.8/../../../../openlibs/include/  -L/home/smb/vte/testcases/third_party_suite/network/tcpdump-3.9.8/../../../../openlibs/lib/ conftest.c  >&5
configure:8137: $? = 0
configure:8155: result: yes
configure:8075: checking for alarm
configure:8131: /opt/freescale/usr/local/gcc-4.1.2-glibc-2.5-nptl-3/arm-none-linux-gnueabi/bin/arm-none-linux-gnueabi-gcc -o conftest -I/home/smb/vte/testcases/third_party_suite/network/tcpdump-3.9.8/../../../../openlibs/include/  -L/home/smb/vte/testcases/third_party_suite/network/tcpdump-3.9.8/../../../../openlibs/lib/ conftest.c  >&5
configure:8137: $? = 0
configure:8155: result: yes
configure:8172: checking for vsnprintf
configure:8228: /opt/freescale/usr/local/gcc-4.1.2-glibc-2.5-nptl-3/arm-none-linux-gnueabi/bin/arm-none-linux-gnueabi-gcc -o conftest -I/home/smb/vte/testcases/third_party_suite/network/tcpdump-3.9.8/../../../../openlibs/include/  -L/home/smb/vte/testcases/third_party_suite/network/tcpdump-3.9.8/../../../../openlibs/lib/ conftest.c  >&5
conftest.c:64: warning: conflicting types for built-in function 'vsnprintf'
configure:8234: $? = 0
configure:8252: result: yes
configure:8172: checking for snprintf
configure:8228: /opt/freescale/usr/local/gcc-4.1.2-glibc-2.5-nptl-3/arm-none-linux-gnueabi/bin/arm-none-linux-gnueabi-gcc -o conftest -I/home/smb/vte/testcases/third_party_suite/network/tcpdump-3.9.8/../../../../openlibs/include/  -L/home/smb/vte/testcases/third_party_suite/network/tcpdump-3.9.8/../../../../openlibs/lib/ conftest.c  >&5
conftest.c:65: warning: conflicting types for built-in function 'snprintf'
configure:8234: $? = 0
configure:8252: result: yes
configure:8274: checking return type of signal handlers
configure:8302: /opt/freescale/usr/local/gcc-4.1.2-glibc-2.5-nptl-3/arm-none-linux-gnueabi/bin/arm-none-linux-gnueabi-gcc -c -I/home/smb/vte/testcases/third_party_suite/network/tcpdump-3.9.8/../../../../openlibs/include/  conftest.c >&5
conftest.c: In function 'main':
conftest.c:49: error: void value not ignored as it ought to be
configure:8308: $? = 1
configure: failed program was:
| /* confdefs.h.  */
| #define PACKAGE_NAME ""
| #define PACKAGE_TARNAME ""
| #define PACKAGE_VERSION ""
| #define PACKAGE_STRING ""
| #define PACKAGE_BUGREPORT ""
| #define inline inline
| #define HAVE___ATTRIBUTE__ 1
| #define STDC_HEADERS 1
| #define HAVE_SYS_TYPES_H 1
| #define HAVE_SYS_STAT_H 1
| #define HAVE_STDLIB_H 1
| #define HAVE_STRING_H 1
| #define HAVE_MEMORY_H 1
| #define HAVE_STRINGS_H 1
| #define HAVE_INTTYPES_H 1
| #define HAVE_STDINT_H 1
| #define HAVE_UNISTD_H 1
| #define HAVE_FCNTL_H 1
| #define HAVE_NETINET_IF_ETHER_H 1
| #define TIME_WITH_SYS_TIME 1
| #define TCPDUMP_DO_SMB 1
| #define SIZEOF_CHAR 1
| #define SIZEOF_SHORT 2
| #define SIZEOF_INT 4
| #define SIZEOF_LONG 4
| #define SIZEOF_LONG_LONG 8
| #define HAVE_ADDRINFO 1
| #define HAVE_SOCKADDR_STORAGE 1
| #define HAVE_INADDRSZ 1
| #define HAVE_IN6ADDRSZ 1
| #define HAVE_RES_USE_INET6 1
| #define HAVE_VFPRINTF 1
| #define HAVE_STRCASECMP 1
| #define HAVE_STRDUP 1
| #define HAVE_STRSEP 1
| #define HAVE_STRFTIME 1
| #define HAVE_SETLINEBUF 1
| #define HAVE_ALARM 1
| #define HAVE_VSNPRINTF 1
| #define HAVE_SNPRINTF 1
| /* end confdefs.h.  */
| #include <sys/types.h>
| #include <signal.h>
| 
| int
| main ()
| {
| return *(signal (0, 0)) (0) == 1;
|   ;
|   return 0;
| }
configure:8323: result: void
configure:8356: checking for sigaction
configure:8412: /opt/freescale/usr/local/gcc-4.1.2-glibc-2.5-nptl-3/arm-none-linux-gnueabi/bin/arm-none-linux-gnueabi-gcc -o conftest -I/home/smb/vte/testcases/third_party_suite/network/tcpdump-3.9.8/../../../../openlibs/include/  -L/home/smb/vte/testcases/third_party_suite/network/tcpdump-3.9.8/../../../../openlibs/lib/ conftest.c  >&5
configure:8418: $? = 0
configure:8436: result: yes
configure:8545: checking for library containing dnet_htoa
configure:8586: /opt/freescale/usr/local/gcc-4.1.2-glibc-2.5-nptl-3/arm-none-linux-gnueabi/bin/arm-none-linux-gnueabi-gcc -o conftest -I/home/smb/vte/testcases/third_party_suite/network/tcpdump-3.9.8/../../../../openlibs/include/  -L/home/smb/vte/testcases/third_party_suite/network/tcpdump-3.9.8/../../../../openlibs/lib/ conftest.c  >&5
/tmp/cccgyRpq.o: In function `main':
conftest.c:(.text+0xc): undefined reference to `dnet_htoa'
collect2: ld returned 1 exit status
configure:8592: $? = 1
configure: failed program was:
| /* confdefs.h.  */
| #define PACKAGE_NAME ""
| #define PACKAGE_TARNAME ""
| #define PACKAGE_VERSION ""
| #define PACKAGE_STRING ""
| #define PACKAGE_BUGREPORT ""
| #define inline inline
| #define HAVE___ATTRIBUTE__ 1
| #define STDC_HEADERS 1
| #define HAVE_SYS_TYPES_H 1
| #define HAVE_SYS_STAT_H 1
| #define HAVE_STDLIB_H 1
| #define HAVE_STRING_H 1
| #define HAVE_MEMORY_H 1
| #define HAVE_STRINGS_H 1
| #define HAVE_INTTYPES_H 1
| #define HAVE_STDINT_H 1
| #define HAVE_UNISTD_H 1
| #define HAVE_FCNTL_H 1
| #define HAVE_NETINET_IF_ETHER_H 1
| #define TIME_WITH_SYS_TIME 1
| #define TCPDUMP_DO_SMB 1
| #define SIZEOF_CHAR 1
| #define SIZEOF_SHORT 2
| #define SIZEOF_INT 4
| #define SIZEOF_LONG 4
| #define SIZEOF_LONG_LONG 8
| #define HAVE_ADDRINFO 1
| #define HAVE_SOCKADDR_STORAGE 1
| #define HAVE_INADDRSZ 1
| #define HAVE_IN6ADDRSZ 1
| #define HAVE_RES_USE_INET6 1
| #define HAVE_VFPRINTF 1
| #define HAVE_STRCASECMP 1
| #define HAVE_STRDUP 1
| #define HAVE_STRSEP 1
| #define HAVE_STRFTIME 1
| #define HAVE_SETLINEBUF 1
| #define HAVE_ALARM 1
| #define HAVE_VSNPRINTF 1
| #define HAVE_SNPRINTF 1
| #define RETSIGTYPE void
| #define RETSIGVAL
| #define HAVE_SIGACTION 1
| /* end confdefs.h.  */
| 
| /* Override any GCC internal prototype to avoid an error.
|    Use char because int might match the return type of a GCC
|    builtin and then its argument prototype would still apply.  */
| #ifdef __cplusplus
| extern "C"
| #endif
| char dnet_htoa ();
| int
| main ()
| {
| return dnet_htoa ();
|   ;
|   return 0;
| }
configure:8586: /opt/freescale/usr/local/gcc-4.1.2-glibc-2.5-nptl-3/arm-none-linux-gnueabi/bin/arm-none-linux-gnueabi-gcc -o conftest -I/home/smb/vte/testcases/third_party_suite/network/tcpdump-3.9.8/../../../../openlibs/include/  -L/home/smb/vte/testcases/third_party_suite/network/tcpdump-3.9.8/../../../../openlibs/lib/ conftest.c -ldnet   >&5
/opt/freescale/usr/local/gcc-4.1.2-glibc-2.5-nptl-3/arm-none-linux-gnueabi/lib/gcc/arm-none-linux-gnueabi/4.1.2/../../../../arm-none-linux-gnueabi/bin/ld: cannot find -ldnet
collect2: ld returned 1 exit status
configure:8592: $? = 1
configure: failed program was:
| /* confdefs.h.  */
| #define PACKAGE_NAME ""
| #define PACKAGE_TARNAME ""
| #define PACKAGE_VERSION ""
| #define PACKAGE_STRING ""
| #define PACKAGE_BUGREPORT ""
| #define inline inline
| #define HAVE___ATTRIBUTE__ 1
| #define STDC_HEADERS 1
| #define HAVE_SYS_TYPES_H 1
| #define HAVE_SYS_STAT_H 1
| #define HAVE_STDLIB_H 1
| #define HAVE_STRING_H 1
| #define HAVE_MEMORY_H 1
| #define HAVE_STRINGS_H 1
| #define HAVE_INTTYPES_H 1
| #define HAVE_STDINT_H 1
| #define HAVE_UNISTD_H 1
| #define HAVE_FCNTL_H 1
| #define HAVE_NETINET_IF_ETHER_H 1
| #define TIME_WITH_SYS_TIME 1
| #define TCPDUMP_DO_SMB 1
| #define SIZEOF_CHAR 1
| #define SIZEOF_SHORT 2
| #define SIZEOF_INT 4
| #define SIZEOF_LONG 4
| #define SIZEOF_LONG_LONG 8
| #define HAVE_ADDRINFO 1
| #define HAVE_SOCKADDR_STORAGE 1
| #define HAVE_INADDRSZ 1
| #define HAVE_IN6ADDRSZ 1
| #define HAVE_RES_USE_INET6 1
| #define HAVE_VFPRINTF 1
| #define HAVE_STRCASECMP 1
| #define HAVE_STRDUP 1
| #define HAVE_STRSEP 1
| #define HAVE_STRFTIME 1
| #define HAVE_SETLINEBUF 1
| #define HAVE_ALARM 1
| #define HAVE_VSNPRINTF 1
| #define HAVE_SNPRINTF 1
| #define RETSIGTYPE void
| #define RETSIGVAL
| #define HAVE_SIGACTION 1
| /* end confdefs.h.  */
| 
| /* Override any GCC internal prototype to avoid an error.
|    Use char because int might match the return type of a GCC
|    builtin and then its argument prototype would still apply.  */
| #ifdef __cplusplus
| extern "C"
| #endif
| char dnet_htoa ();
| int
| main ()
| {
| return dnet_htoa ();
|   ;
|   return 0;
| }
configure:8620: result: no
configure:8633: checking for main in -lrpc
configure:8662: /opt/freescale/usr/local/gcc-4.1.2-glibc-2.5-nptl-3/arm-none-linux-gnueabi/bin/arm-none-linux-gnueabi-gcc -o conftest -I/home/smb/vte/testcases/third_party_suite/network/tcpdump-3.9.8/../../../../openlibs/include/  -L/home/smb/vte/testcases/third_party_suite/network/tcpdump-3.9.8/../../../../openlibs/lib/ conftest.c -lrpc   >&5
/opt/freescale/usr/local/gcc-4.1.2-glibc-2.5-nptl-3/arm-none-linux-gnueabi/lib/gcc/arm-none-linux-gnueabi/4.1.2/../../../../arm-none-linux-gnueabi/bin/ld: cannot find -lrpc
collect2: ld returned 1 exit status
configure:8668: $? = 1
configure: failed program was:
| /* confdefs.h.  */
| #define PACKAGE_NAME ""
| #define PACKAGE_TARNAME ""
| #define PACKAGE_VERSION ""
| #define PACKAGE_STRING ""
| #define PACKAGE_BUGREPORT ""
| #define inline inline
| #define HAVE___ATTRIBUTE__ 1
| #define STDC_HEADERS 1
| #define HAVE_SYS_TYPES_H 1
| #define HAVE_SYS_STAT_H 1
| #define HAVE_STDLIB_H 1
| #define HAVE_STRING_H 1
| #define HAVE_MEMORY_H 1
| #define HAVE_STRINGS_H 1
| #define HAVE_INTTYPES_H 1
| #define HAVE_STDINT_H 1
| #define HAVE_UNISTD_H 1
| #define HAVE_FCNTL_H 1
| #define HAVE_NETINET_IF_ETHER_H 1
| #define TIME_WITH_SYS_TIME 1
| #define TCPDUMP_DO_SMB 1
| #define SIZEOF_CHAR 1
| #define SIZEOF_SHORT 2
| #define SIZEOF_INT 4
| #define SIZEOF_LONG 4
| #define SIZEOF_LONG_LONG 8
| #define HAVE_ADDRINFO 1
| #define HAVE_SOCKADDR_STORAGE 1
| #define HAVE_INADDRSZ 1
| #define HAVE_IN6ADDRSZ 1
| #define HAVE_RES_USE_INET6 1
| #define HAVE_VFPRINTF 1
| #define HAVE_STRCASECMP 1
| #define HAVE_STRDUP 1
| #define HAVE_STRSEP 1
| #define HAVE_STRFTIME 1
| #define HAVE_SETLINEBUF 1
| #define HAVE_ALARM 1
| #define HAVE_VSNPRINTF 1
| #define HAVE_SNPRINTF 1
| #define RETSIGTYPE void
| #define RETSIGVAL
| #define HAVE_SIGACTION 1
| /* end confdefs.h.  */
| 
| 
| int
| main ()
| {
| return main ();
|   ;
|   return 0;
| }
configure:8686: result: no
configure:8697: checking for library containing getrpcbynumber
configure:8738: /opt/freescale/usr/local/gcc-4.1.2-glibc-2.5-nptl-3/arm-none-linux-gnueabi/bin/arm-none-linux-gnueabi-gcc -o conftest -I/home/smb/vte/testcases/third_party_suite/network/tcpdump-3.9.8/../../../../openlibs/include/  -L/home/smb/vte/testcases/third_party_suite/network/tcpdump-3.9.8/../../../../openlibs/lib/ conftest.c  >&5
configure:8744: $? = 0
configure:8772: result: none required
configure:8790: checking for library containing gethostbyname
configure:8831: /opt/freescale/usr/local/gcc-4.1.2-glibc-2.5-nptl-3/arm-none-linux-gnueabi/bin/arm-none-linux-gnueabi-gcc -o conftest -I/home/smb/vte/testcases/third_party_suite/network/tcpdump-3.9.8/../../../../openlibs/include/  -L/home/smb/vte/testcases/third_party_suite/network/tcpdump-3.9.8/../../../../openlibs/lib/ conftest.c  >&5
configure:8837: $? = 0
configure:8865: result: none required
configure:8943: checking for library containing socket
configure:8984: /opt/freescale/usr/local/gcc-4.1.2-glibc-2.5-nptl-3/arm-none-linux-gnueabi/bin/arm-none-linux-gnueabi-gcc -o conftest -I/home/smb/vte/testcases/third_party_suite/network/tcpdump-3.9.8/../../../../openlibs/include/  -L/home/smb/vte/testcases/third_party_suite/network/tcpdump-3.9.8/../../../../openlibs/lib/ conftest.c  >&5
configure:8990: $? = 0
configure:9018: result: none required
configure:9093: checking for library containing putmsg
configure:9134: /opt/freescale/usr/local/gcc-4.1.2-glibc-2.5-nptl-3/arm-none-linux-gnueabi/bin/arm-none-linux-gnueabi-gcc -o conftest -I/home/smb/vte/testcases/third_party_suite/network/tcpdump-3.9.8/../../../../openlibs/include/  -L/home/smb/vte/testcases/third_party_suite/network/tcpdump-3.9.8/../../../../openlibs/lib/ conftest.c  >&5
/tmp/cc8yHLjh.o: In function `main':
conftest.c:(.text+0xc): warning: warning: putmsg is not implemented and will always fail
configure:9140: $? = 0
configure:9168: result: none required
configure:9281: checking for local pcap library
configure:9299: result: not found
configure:9301: checking for main in -lpcap
configure:9330: /opt/freescale/usr/local/gcc-4.1.2-glibc-2.5-nptl-3/arm-none-linux-gnueabi/bin/arm-none-linux-gnueabi-gcc -o conftest -I/home/smb/vte/testcases/third_party_suite/network/tcpdump-3.9.8/../../../../openlibs/include/  -L/home/smb/vte/testcases/third_party_suite/network/tcpdump-3.9.8/../../../../openlibs/lib/ conftest.c -lpcap   >&5
configure:9336: $? = 0
configure:9354: result: yes
configure:9365: checking for extraneous pcap header directories
configure:9376: result: not found
configure:9421: checking for pcap_list_datalinks
configure:9477: /opt/freescale/usr/local/gcc-4.1.2-glibc-2.5-nptl-3/arm-none-linux-gnueabi/bin/arm-none-linux-gnueabi-gcc -o conftest -I/home/smb/vte/testcases/third_party_suite/network/tcpdump-3.9.8/../../../../openlibs/include/  -L/home/smb/vte/testcases/third_party_suite/network/tcpdump-3.9.8/../../../../openlibs/lib/ conftest.c -lpcap  >&5
configure:9483: $? = 0
configure:9500: result: yes
configure:9518: checking for pcap_set_datalink
configure:9574: /opt/freescale/usr/local/gcc-4.1.2-glibc-2.5-nptl-3/arm-none-linux-gnueabi/bin/arm-none-linux-gnueabi-gcc -o conftest -I/home/smb/vte/testcases/third_party_suite/network/tcpdump-3.9.8/../../../../openlibs/include/  -L/home/smb/vte/testcases/third_party_suite/network/tcpdump-3.9.8/../../../../openlibs/lib/ conftest.c -lpcap  >&5
configure:9580: $? = 0
configure:9597: result: yes
configure:9606: checking for pcap_datalink_name_to_val
configure:9662: /opt/freescale/usr/local/gcc-4.1.2-glibc-2.5-nptl-3/arm-none-linux-gnueabi/bin/arm-none-linux-gnueabi-gcc -o conftest -I/home/smb/vte/testcases/third_party_suite/network/tcpdump-3.9.8/../../../../openlibs/include/  -L/home/smb/vte/testcases/third_party_suite/network/tcpdump-3.9.8/../../../../openlibs/lib/ conftest.c -lpcap  >&5
configure:9668: $? = 0
configure:9685: result: yes
configure:9693: checking for pcap_datalink_val_to_description
configure:9749: /opt/freescale/usr/local/gcc-4.1.2-glibc-2.5-nptl-3/arm-none-linux-gnueabi/bin/arm-none-linux-gnueabi-gcc -o conftest -I/home/smb/vte/testcases/third_party_suite/network/tcpdump-3.9.8/../../../../openlibs/include/  -L/home/smb/vte/testcases/third_party_suite/network/tcpdump-3.9.8/../../../../openlibs/lib/ conftest.c -lpcap  >&5
configure:9755: $? = 0
configure:9772: result: yes
configure:9807: checking for pcap_breakloop
configure:9863: /opt/freescale/usr/local/gcc-4.1.2-glibc-2.5-nptl-3/arm-none-linux-gnueabi/bin/arm-none-linux-gnueabi-gcc -o conftest -I/home/smb/vte/testcases/third_party_suite/network/tcpdump-3.9.8/../../../../openlibs/include/  -L/home/smb/vte/testcases/third_party_suite/network/tcpdump-3.9.8/../../../../openlibs/lib/ conftest.c -lpcap  >&5
configure:9869: $? = 0
configure:9887: result: yes
configure:9898: checking for pcap_dump_ftell
configure:9954: /opt/freescale/usr/local/gcc-4.1.2-glibc-2.5-nptl-3/arm-none-linux-gnueabi/bin/arm-none-linux-gnueabi-gcc -o conftest -I/home/smb/vte/testcases/third_party_suite/network/tcpdump-3.9.8/../../../../openlibs/include/  -L/home/smb/vte/testcases/third_party_suite/network/tcpdump-3.9.8/../../../../openlibs/lib/ conftest.c -lpcap  >&5
configure:9960: $? = 0
configure:9977: result: yes
configure:10009: checking for inet_ntop
configure:10036: /opt/freescale/usr/local/gcc-4.1.2-glibc-2.5-nptl-3/arm-none-linux-gnueabi/bin/arm-none-linux-gnueabi-gcc -o conftest -I/home/smb/vte/testcases/third_party_suite/network/tcpdump-3.9.8/../../../../openlibs/include/  -L/home/smb/vte/testcases/third_party_suite/network/tcpdump-3.9.8/../../../../openlibs/lib/ conftest.c -lpcap  >&5
configure:10042: $? = 0
configure:10048: result: yes
configure:10066: checking for inet_pton
configure:10093: /opt/freescale/usr/local/gcc-4.1.2-glibc-2.5-nptl-3/arm-none-linux-gnueabi/bin/arm-none-linux-gnueabi-gcc -o conftest -I/home/smb/vte/testcases/third_party_suite/network/tcpdump-3.9.8/../../../../openlibs/include/  -L/home/smb/vte/testcases/third_party_suite/network/tcpdump-3.9.8/../../../../openlibs/lib/ conftest.c -lpcap  >&5
configure:10099: $? = 0
configure:10105: result: yes
configure:10123: checking for inet_aton
configure:10150: /opt/freescale/usr/local/gcc-4.1.2-glibc-2.5-nptl-3/arm-none-linux-gnueabi/bin/arm-none-linux-gnueabi-gcc -o conftest -I/home/smb/vte/testcases/third_party_suite/network/tcpdump-3.9.8/../../../../openlibs/include/  -L/home/smb/vte/testcases/third_party_suite/network/tcpdump-3.9.8/../../../../openlibs/lib/ conftest.c -lpcap  >&5
configure:10156: $? = 0
configure:10162: result: yes
configure:10198: checking for ether_ntohost
configure:10254: /opt/freescale/usr/local/gcc-4.1.2-glibc-2.5-nptl-3/arm-none-linux-gnueabi/bin/arm-none-linux-gnueabi-gcc -o conftest -I/home/smb/vte/testcases/third_party_suite/network/tcpdump-3.9.8/../../../../openlibs/include/  -L/home/smb/vte/testcases/third_party_suite/network/tcpdump-3.9.8/../../../../openlibs/lib/ conftest.c -lpcap  >&5
configure:10260: $? = 0
configure:10278: result: yes
configure:10285: checking for buggy ether_ntohost
configure:10351: result: not while cross-compiling
configure:10762: checking if sockaddr struct has sa_len member
configure:10790: /opt/freescale/usr/local/gcc-4.1.2-glibc-2.5-nptl-3/arm-none-linux-gnueabi/bin/arm-none-linux-gnueabi-gcc -c -I/home/smb/vte/testcases/third_party_suite/network/tcpdump-3.9.8/../../../../openlibs/include/  conftest.c >&5
conftest.c: In function 'main':
conftest.c:60: error: 'struct sockaddr' has no member named 'sa_len'
configure:10796: $? = 1
configure: failed program was:
| /* confdefs.h.  */
| #define PACKAGE_NAME ""
| #define PACKAGE_TARNAME ""
| #define PACKAGE_VERSION ""
| #define PACKAGE_STRING ""
| #define PACKAGE_BUGREPORT ""
| #define inline inline
| #define HAVE___ATTRIBUTE__ 1
| #define STDC_HEADERS 1
| #define HAVE_SYS_TYPES_H 1
| #define HAVE_SYS_STAT_H 1
| #define HAVE_STDLIB_H 1
| #define HAVE_STRING_H 1
| #define HAVE_MEMORY_H 1
| #define HAVE_STRINGS_H 1
| #define HAVE_INTTYPES_H 1
| #define HAVE_STDINT_H 1
| #define HAVE_UNISTD_H 1
| #define HAVE_FCNTL_H 1
| #define HAVE_NETINET_IF_ETHER_H 1
| #define TIME_WITH_SYS_TIME 1
| #define TCPDUMP_DO_SMB 1
| #define SIZEOF_CHAR 1
| #define SIZEOF_SHORT 2
| #define SIZEOF_INT 4
| #define SIZEOF_LONG 4
| #define SIZEOF_LONG_LONG 8
| #define HAVE_ADDRINFO 1
| #define HAVE_SOCKADDR_STORAGE 1
| #define HAVE_INADDRSZ 1
| #define HAVE_IN6ADDRSZ 1
| #define HAVE_RES_USE_INET6 1
| #define HAVE_VFPRINTF 1
| #define HAVE_STRCASECMP 1
| #define HAVE_STRDUP 1
| #define HAVE_STRSEP 1
| #define HAVE_STRFTIME 1
| #define HAVE_SETLINEBUF 1
| #define HAVE_ALARM 1
| #define HAVE_VSNPRINTF 1
| #define HAVE_SNPRINTF 1
| #define RETSIGTYPE void
| #define RETSIGVAL
| #define HAVE_SIGACTION 1
| #define HAVE_GETRPCBYNUMBER 1
| #define HAVE_PCAP_LIST_DATALINKS 1
| #define HAVE_PCAP_SET_DATALINK 1
| #define HAVE_PCAP_DATALINK_NAME_TO_VAL 1
| #define HAVE_PCAP_DATALINK_VAL_TO_DESCRIPTION 1
| #define HAVE_PCAP_BREAKLOOP 1
| #define HAVE_PCAP_DUMP_FTELL 1
| #define HAVE_ETHER_NTOHOST 1
| /* end confdefs.h.  */
| 
| #		include <sys/types.h>
| #		include <sys/socket.h>
| int
| main ()
| {
| u_int i = sizeof(((struct sockaddr *)0)->sa_len)
|   ;
|   return 0;
| }
configure:10812: result: no
configure:10831: checking for pcap_findalldevs
configure:10887: /opt/freescale/usr/local/gcc-4.1.2-glibc-2.5-nptl-3/arm-none-linux-gnueabi/bin/arm-none-linux-gnueabi-gcc -o conftest -I/home/smb/vte/testcases/third_party_suite/network/tcpdump-3.9.8/../../../../openlibs/include/  -L/home/smb/vte/testcases/third_party_suite/network/tcpdump-3.9.8/../../../../openlibs/lib/ conftest.c -lpcap  >&5
configure:10893: $? = 0
configure:10911: result: yes
configure:10831: checking for pcap_dump_flush
configure:10887: /opt/freescale/usr/local/gcc-4.1.2-glibc-2.5-nptl-3/arm-none-linux-gnueabi/bin/arm-none-linux-gnueabi-gcc -o conftest -I/home/smb/vte/testcases/third_party_suite/network/tcpdump-3.9.8/../../../../openlibs/include/  -L/home/smb/vte/testcases/third_party_suite/network/tcpdump-3.9.8/../../../../openlibs/lib/ conftest.c -lpcap  >&5
configure:10893: $? = 0
configure:10911: result: yes
configure:10831: checking for pcap_lib_version
configure:10887: /opt/freescale/usr/local/gcc-4.1.2-glibc-2.5-nptl-3/arm-none-linux-gnueabi/bin/arm-none-linux-gnueabi-gcc -o conftest -I/home/smb/vte/testcases/third_party_suite/network/tcpdump-3.9.8/../../../../openlibs/include/  -L/home/smb/vte/testcases/third_party_suite/network/tcpdump-3.9.8/../../../../openlibs/lib/ conftest.c -lpcap  >&5
configure:10893: $? = 0
configure:10911: result: yes
configure:10924: checking for pcap_if_t
configure:10955: /opt/freescale/usr/local/gcc-4.1.2-glibc-2.5-nptl-3/arm-none-linux-gnueabi/bin/arm-none-linux-gnueabi-gcc -c -I/home/smb/vte/testcases/third_party_suite/network/tcpdump-3.9.8/../../../../openlibs/include/   conftest.c >&5
configure:10961: $? = 0
configure:10976: result: yes
configure:11052: checking whether pcap_debug is defined by libpcap
configure:11079: /opt/freescale/usr/local/gcc-4.1.2-glibc-2.5-nptl-3/arm-none-linux-gnueabi/bin/arm-none-linux-gnueabi-gcc -o conftest -I/home/smb/vte/testcases/third_party_suite/network/tcpdump-3.9.8/../../../../openlibs/include/  -L/home/smb/vte/testcases/third_party_suite/network/tcpdump-3.9.8/../../../../openlibs/lib/ conftest.c -lpcap  >&5
/tmp/cc2fSFbO.o: In function `main':
conftest.c:(.text+0x1c): undefined reference to `pcap_debug'
collect2: ld returned 1 exit status
configure:11085: $? = 1
configure: failed program was:
| /* confdefs.h.  */
| #define PACKAGE_NAME ""
| #define PACKAGE_TARNAME ""
| #define PACKAGE_VERSION ""
| #define PACKAGE_STRING ""
| #define PACKAGE_BUGREPORT ""
| #define inline inline
| #define HAVE___ATTRIBUTE__ 1
| #define STDC_HEADERS 1
| #define HAVE_SYS_TYPES_H 1
| #define HAVE_SYS_STAT_H 1
| #define HAVE_STDLIB_H 1
| #define HAVE_STRING_H 1
| #define HAVE_MEMORY_H 1
| #define HAVE_STRINGS_H 1
| #define HAVE_INTTYPES_H 1
| #define HAVE_STDINT_H 1
| #define HAVE_UNISTD_H 1
| #define HAVE_FCNTL_H 1
| #define HAVE_NETINET_IF_ETHER_H 1
| #define TIME_WITH_SYS_TIME 1
| #define TCPDUMP_DO_SMB 1
| #define SIZEOF_CHAR 1
| #define SIZEOF_SHORT 2
| #define SIZEOF_INT 4
| #define SIZEOF_LONG 4
| #define SIZEOF_LONG_LONG 8
| #define HAVE_ADDRINFO 1
| #define HAVE_SOCKADDR_STORAGE 1
| #define HAVE_INADDRSZ 1
| #define HAVE_IN6ADDRSZ 1
| #define HAVE_RES_USE_INET6 1
| #define HAVE_VFPRINTF 1
| #define HAVE_STRCASECMP 1
| #define HAVE_STRDUP 1
| #define HAVE_STRSEP 1
| #define HAVE_STRFTIME 1
| #define HAVE_SETLINEBUF 1
| #define HAVE_ALARM 1
| #define HAVE_VSNPRINTF 1
| #define HAVE_SNPRINTF 1
| #define RETSIGTYPE void
| #define RETSIGVAL
| #define HAVE_SIGACTION 1
| #define HAVE_GETRPCBYNUMBER 1
| #define HAVE_PCAP_LIST_DATALINKS 1
| #define HAVE_PCAP_SET_DATALINK 1
| #define HAVE_PCAP_DATALINK_NAME_TO_VAL 1
| #define HAVE_PCAP_DATALINK_VAL_TO_DESCRIPTION 1
| #define HAVE_PCAP_BREAKLOOP 1
| #define HAVE_PCAP_DUMP_FTELL 1
| #define HAVE_ETHER_NTOHOST 1
| #define HAVE_PCAP_FINDALLDEVS 1
| #define HAVE_PCAP_DUMP_FLUSH 1
| #define HAVE_PCAP_LIB_VERSION 1
| #define HAVE_PCAP_IF_T 1
| /* end confdefs.h.  */
| 
| int
| main ()
| {
| 
| 	extern int pcap_debug;
| 
| 	return pcap_debug;
| 
|   ;
|   return 0;
| }
configure:11109: result: no
configure:11114: checking whether yydebug is defined by libpcap
configure:11141: /opt/freescale/usr/local/gcc-4.1.2-glibc-2.5-nptl-3/arm-none-linux-gnueabi/bin/arm-none-linux-gnueabi-gcc -o conftest -I/home/smb/vte/testcases/third_party_suite/network/tcpdump-3.9.8/../../../../openlibs/include/  -L/home/smb/vte/testcases/third_party_suite/network/tcpdump-3.9.8/../../../../openlibs/lib/ conftest.c -lpcap  >&5
/tmp/cc2s5gtX.o: In function `main':
conftest.c:(.text+0x1c): undefined reference to `yydebug'
collect2: ld returned 1 exit status
configure:11147: $? = 1
configure: failed program was:
| /* confdefs.h.  */
| #define PACKAGE_NAME ""
| #define PACKAGE_TARNAME ""
| #define PACKAGE_VERSION ""
| #define PACKAGE_STRING ""
| #define PACKAGE_BUGREPORT ""
| #define inline inline
| #define HAVE___ATTRIBUTE__ 1
| #define STDC_HEADERS 1
| #define HAVE_SYS_TYPES_H 1
| #define HAVE_SYS_STAT_H 1
| #define HAVE_STDLIB_H 1
| #define HAVE_STRING_H 1
| #define HAVE_MEMORY_H 1
| #define HAVE_STRINGS_H 1
| #define HAVE_INTTYPES_H 1
| #define HAVE_STDINT_H 1
| #define HAVE_UNISTD_H 1
| #define HAVE_FCNTL_H 1
| #define HAVE_NETINET_IF_ETHER_H 1
| #define TIME_WITH_SYS_TIME 1
| #define TCPDUMP_DO_SMB 1
| #define SIZEOF_CHAR 1
| #define SIZEOF_SHORT 2
| #define SIZEOF_INT 4
| #define SIZEOF_LONG 4
| #define SIZEOF_LONG_LONG 8
| #define HAVE_ADDRINFO 1
| #define HAVE_SOCKADDR_STORAGE 1
| #define HAVE_INADDRSZ 1
| #define HAVE_IN6ADDRSZ 1
| #define HAVE_RES_USE_INET6 1
| #define HAVE_VFPRINTF 1
| #define HAVE_STRCASECMP 1
| #define HAVE_STRDUP 1
| #define HAVE_STRSEP 1
| #define HAVE_STRFTIME 1
| #define HAVE_SETLINEBUF 1
| #define HAVE_ALARM 1
| #define HAVE_VSNPRINTF 1
| #define HAVE_SNPRINTF 1
| #define RETSIGTYPE void
| #define RETSIGVAL
| #define HAVE_SIGACTION 1
| #define HAVE_GETRPCBYNUMBER 1
| #define HAVE_PCAP_LIST_DATALINKS 1
| #define HAVE_PCAP_SET_DATALINK 1
| #define HAVE_PCAP_DATALINK_NAME_TO_VAL 1
| #define HAVE_PCAP_DATALINK_VAL_TO_DESCRIPTION 1
| #define HAVE_PCAP_BREAKLOOP 1
| #define HAVE_PCAP_DUMP_FTELL 1
| #define HAVE_ETHER_NTOHOST 1
| #define HAVE_PCAP_FINDALLDEVS 1
| #define HAVE_PCAP_DUMP_FLUSH 1
| #define HAVE_PCAP_LIB_VERSION 1
| #define HAVE_PCAP_IF_T 1
| /* end confdefs.h.  */
| 
| int
| main ()
| {
| 
| 		extern int yydebug;
| 
| 		return yydebug;
| 
|   ;
|   return 0;
| }
configure:11171: result: no
configure:11179: checking for bpf_dump
configure:11235: /opt/freescale/usr/local/gcc-4.1.2-glibc-2.5-nptl-3/arm-none-linux-gnueabi/bin/arm-none-linux-gnueabi-gcc -o conftest -I/home/smb/vte/testcases/third_party_suite/network/tcpdump-3.9.8/../../../../openlibs/include/  -L/home/smb/vte/testcases/third_party_suite/network/tcpdump-3.9.8/../../../../openlibs/lib/ conftest.c -lpcap  >&5
configure:11241: $? = 0
configure:11259: result: yes
configure:11322: checking sys/bitypes.h usability
configure:11339: /opt/freescale/usr/local/gcc-4.1.2-glibc-2.5-nptl-3/arm-none-linux-gnueabi/bin/arm-none-linux-gnueabi-gcc -c -I/home/smb/vte/testcases/third_party_suite/network/tcpdump-3.9.8/../../../../openlibs/include/  conftest.c >&5
configure:11345: $? = 0
configure:11359: result: yes
configure:11363: checking sys/bitypes.h presence
configure:11378: /opt/freescale/usr/local/gcc-4.1.2-glibc-2.5-nptl-3/arm-none-linux-gnueabi/bin/arm-none-linux-gnueabi-gcc -E  conftest.c
configure:11384: $? = 0
configure:11398: result: yes
configure:11426: checking for sys/bitypes.h
configure:11434: result: yes
configure:11448: checking for int8_t
configure:11478: /opt/freescale/usr/local/gcc-4.1.2-glibc-2.5-nptl-3/arm-none-linux-gnueabi/bin/arm-none-linux-gnueabi-gcc -c -I/home/smb/vte/testcases/third_party_suite/network/tcpdump-3.9.8/../../../../openlibs/include/  conftest.c >&5
configure:11484: $? = 0
configure:11499: result: yes
configure:11511: checking for u_int8_t
configure:11545: /opt/freescale/usr/local/gcc-4.1.2-glibc-2.5-nptl-3/arm-none-linux-gnueabi/bin/arm-none-linux-gnueabi-gcc -c -I/home/smb/vte/testcases/third_party_suite/network/tcpdump-3.9.8/../../../../openlibs/include/  conftest.c >&5
configure:11551: $? = 0
configure:11566: result: yes
configure:11578: checking for int16_t
configure:11608: /opt/freescale/usr/local/gcc-4.1.2-glibc-2.5-nptl-3/arm-none-linux-gnueabi/bin/arm-none-linux-gnueabi-gcc -c -I/home/smb/vte/testcases/third_party_suite/network/tcpdump-3.9.8/../../../../openlibs/include/  conftest.c >&5
configure:11614: $? = 0
configure:11629: result: yes
configure:11641: checking for u_int16_t
configure:11675: /opt/freescale/usr/local/gcc-4.1.2-glibc-2.5-nptl-3/arm-none-linux-gnueabi/bin/arm-none-linux-gnueabi-gcc -c -I/home/smb/vte/testcases/third_party_suite/network/tcpdump-3.9.8/../../../../openlibs/include/  conftest.c >&5
configure:11681: $? = 0
configure:11696: result: yes
configure:11708: checking for int32_t
configure:11738: /opt/freescale/usr/local/gcc-4.1.2-glibc-2.5-nptl-3/arm-none-linux-gnueabi/bin/arm-none-linux-gnueabi-gcc -c -I/home/smb/vte/testcases/third_party_suite/network/tcpdump-3.9.8/../../../../openlibs/include/  conftest.c >&5
configure:11744: $? = 0
configure:11759: result: yes
configure:11771: checking for u_int32_t
configure:11805: /opt/freescale/usr/local/gcc-4.1.2-glibc-2.5-nptl-3/arm-none-linux-gnueabi/bin/arm-none-linux-gnueabi-gcc -c -I/home/smb/vte/testcases/third_party_suite/network/tcpdump-3.9.8/../../../../openlibs/include/  conftest.c >&5
configure:11811: $? = 0
configure:11826: result: yes
configure:11838: checking for int64_t
configure:11868: /opt/freescale/usr/local/gcc-4.1.2-glibc-2.5-nptl-3/arm-none-linux-gnueabi/bin/arm-none-linux-gnueabi-gcc -c -I/home/smb/vte/testcases/third_party_suite/network/tcpdump-3.9.8/../../../../openlibs/include/  conftest.c >&5
configure:11874: $? = 0
configure:11889: result: yes
configure:11901: checking for u_int64_t
configure:11935: /opt/freescale/usr/local/gcc-4.1.2-glibc-2.5-nptl-3/arm-none-linux-gnueabi/bin/arm-none-linux-gnueabi-gcc -c -I/home/smb/vte/testcases/third_party_suite/network/tcpdump-3.9.8/../../../../openlibs/include/  conftest.c >&5
configure:11941: $? = 0
configure:11956: result: yes
configure:11978: checking for inttypes.h
configure:11984: result: yes
configure:12112: checking whether inttypes.h defines the PRI[doxu]64 macros
configure:12145: /opt/freescale/usr/local/gcc-4.1.2-glibc-2.5-nptl-3/arm-none-linux-gnueabi/bin/arm-none-linux-gnueabi-gcc -c -I/home/smb/vte/testcases/third_party_suite/network/tcpdump-3.9.8/../../../../openlibs/include/  conftest.c >&5
configure:12151: $? = 0
configure:12157: result: yes
configure:12624: checking if sockaddr struct has sa_len member
configure:12652: /opt/freescale/usr/local/gcc-4.1.2-glibc-2.5-nptl-3/arm-none-linux-gnueabi/bin/arm-none-linux-gnueabi-gcc -c -I/home/smb/vte/testcases/third_party_suite/network/tcpdump-3.9.8/../../../../openlibs/include/  conftest.c >&5
conftest.c: In function 'main':
conftest.c:67: error: 'struct sockaddr' has no member named 'sa_len'
configure:12658: $? = 1
configure: failed program was:
| /* confdefs.h.  */
| #define PACKAGE_NAME ""
| #define PACKAGE_TARNAME ""
| #define PACKAGE_VERSION ""
| #define PACKAGE_STRING ""
| #define PACKAGE_BUGREPORT ""
| #define inline inline
| #define HAVE___ATTRIBUTE__ 1
| #define STDC_HEADERS 1
| #define HAVE_SYS_TYPES_H 1
| #define HAVE_SYS_STAT_H 1
| #define HAVE_STDLIB_H 1
| #define HAVE_STRING_H 1
| #define HAVE_MEMORY_H 1
| #define HAVE_STRINGS_H 1
| #define HAVE_INTTYPES_H 1
| #define HAVE_STDINT_H 1
| #define HAVE_UNISTD_H 1
| #define HAVE_FCNTL_H 1
| #define HAVE_NETINET_IF_ETHER_H 1
| #define TIME_WITH_SYS_TIME 1
| #define TCPDUMP_DO_SMB 1
| #define SIZEOF_CHAR 1
| #define SIZEOF_SHORT 2
| #define SIZEOF_INT 4
| #define SIZEOF_LONG 4
| #define SIZEOF_LONG_LONG 8
| #define HAVE_ADDRINFO 1
| #define HAVE_SOCKADDR_STORAGE 1
| #define HAVE_INADDRSZ 1
| #define HAVE_IN6ADDRSZ 1
| #define HAVE_RES_USE_INET6 1
| #define HAVE_VFPRINTF 1
| #define HAVE_STRCASECMP 1
| #define HAVE_STRDUP 1
| #define HAVE_STRSEP 1
| #define HAVE_STRFTIME 1
| #define HAVE_SETLINEBUF 1
| #define HAVE_ALARM 1
| #define HAVE_VSNPRINTF 1
| #define HAVE_SNPRINTF 1
| #define RETSIGTYPE void
| #define RETSIGVAL
| #define HAVE_SIGACTION 1
| #define HAVE_GETRPCBYNUMBER 1
| #define HAVE_PCAP_LIST_DATALINKS 1
| #define HAVE_PCAP_SET_DATALINK 1
| #define HAVE_PCAP_DATALINK_NAME_TO_VAL 1
| #define HAVE_PCAP_DATALINK_VAL_TO_DESCRIPTION 1
| #define HAVE_PCAP_BREAKLOOP 1
| #define HAVE_PCAP_DUMP_FTELL 1
| #define HAVE_ETHER_NTOHOST 1
| #define HAVE_PCAP_FINDALLDEVS 1
| #define HAVE_PCAP_DUMP_FLUSH 1
| #define HAVE_PCAP_LIB_VERSION 1
| #define HAVE_PCAP_IF_T 1
| #define HAVE_BPF_DUMP 1
| #define HAVE_SYS_BITYPES_H 1
| #define HAVE_INTTYPES_H 1
| /* end confdefs.h.  */
| 
| #	include <sys/types.h>
| #	include <sys/socket.h>
| int
| main ()
| {
| u_int i = sizeof(((struct sockaddr *)0)->sa_len)
|   ;
|   return 0;
| }
configure:12674: result: no
configure:12683: checking if unaligned accesses fail
configure:12770: result: yes
configure:12780: checking for h_errno
configure:12808: /opt/freescale/usr/local/gcc-4.1.2-glibc-2.5-nptl-3/arm-none-linux-gnueabi/bin/arm-none-linux-gnueabi-gcc -c -I/home/smb/vte/testcases/third_party_suite/network/tcpdump-3.9.8/../../../../openlibs/include/  conftest.c >&5
configure:12814: $? = 0
configure:12830: result: yes
configure:12846: checking for SSLeay
configure:12888: result: /usr
configure:12900: checking for DES_cbc_encrypt in -lcrypto
configure:12935: /opt/freescale/usr/local/gcc-4.1.2-glibc-2.5-nptl-3/arm-none-linux-gnueabi/bin/arm-none-linux-gnueabi-gcc -o conftest -I/home/smb/vte/testcases/third_party_suite/network/tcpdump-3.9.8/../../../../openlibs/include/  -L/usr/lib -L/home/smb/vte/testcases/third_party_suite/network/tcpdump-3.9.8/../../../../openlibs/lib/ conftest.c -lcrypto  -lpcap  >&5
/opt/freescale/usr/local/gcc-4.1.2-glibc-2.5-nptl-3/arm-none-linux-gnueabi/lib/gcc/arm-none-linux-gnueabi/4.1.2/../../../../arm-none-linux-gnueabi/bin/ld: skipping incompatible /usr/lib/libcrypto.so when searching for -lcrypto
/opt/freescale/usr/local/gcc-4.1.2-glibc-2.5-nptl-3/arm-none-linux-gnueabi/lib/gcc/arm-none-linux-gnueabi/4.1.2/../../../../arm-none-linux-gnueabi/bin/ld: skipping incompatible /usr/lib/libcrypto.a when searching for -lcrypto
/opt/freescale/usr/local/gcc-4.1.2-glibc-2.5-nptl-3/arm-none-linux-gnueabi/lib/gcc/arm-none-linux-gnueabi/4.1.2/../../../../arm-none-linux-gnueabi/bin/ld: cannot find -lcrypto
collect2: ld returned 1 exit status
configure:12941: $? = 1
configure: failed program was:
| /* confdefs.h.  */
| #define PACKAGE_NAME ""
| #define PACKAGE_TARNAME ""
| #define PACKAGE_VERSION ""
| #define PACKAGE_STRING ""
| #define PACKAGE_BUGREPORT ""
| #define inline inline
| #define HAVE___ATTRIBUTE__ 1
| #define STDC_HEADERS 1
| #define HAVE_SYS_TYPES_H 1
| #define HAVE_SYS_STAT_H 1
| #define HAVE_STDLIB_H 1
| #define HAVE_STRING_H 1
| #define HAVE_MEMORY_H 1
| #define HAVE_STRINGS_H 1
| #define HAVE_INTTYPES_H 1
| #define HAVE_STDINT_H 1
| #define HAVE_UNISTD_H 1
| #define HAVE_FCNTL_H 1
| #define HAVE_NETINET_IF_ETHER_H 1
| #define TIME_WITH_SYS_TIME 1
| #define TCPDUMP_DO_SMB 1
| #define SIZEOF_CHAR 1
| #define SIZEOF_SHORT 2
| #define SIZEOF_INT 4
| #define SIZEOF_LONG 4
| #define SIZEOF_LONG_LONG 8
| #define HAVE_ADDRINFO 1
| #define HAVE_SOCKADDR_STORAGE 1
| #define HAVE_INADDRSZ 1
| #define HAVE_IN6ADDRSZ 1
| #define HAVE_RES_USE_INET6 1
| #define HAVE_VFPRINTF 1
| #define HAVE_STRCASECMP 1
| #define HAVE_STRDUP 1
| #define HAVE_STRSEP 1
| #define HAVE_STRFTIME 1
| #define HAVE_SETLINEBUF 1
| #define HAVE_ALARM 1
| #define HAVE_VSNPRINTF 1
| #define HAVE_SNPRINTF 1
| #define RETSIGTYPE void
| #define RETSIGVAL
| #define HAVE_SIGACTION 1
| #define HAVE_GETRPCBYNUMBER 1
| #define HAVE_PCAP_LIST_DATALINKS 1
| #define HAVE_PCAP_SET_DATALINK 1
| #define HAVE_PCAP_DATALINK_NAME_TO_VAL 1
| #define HAVE_PCAP_DATALINK_VAL_TO_DESCRIPTION 1
| #define HAVE_PCAP_BREAKLOOP 1
| #define HAVE_PCAP_DUMP_FTELL 1
| #define HAVE_ETHER_NTOHOST 1
| #define HAVE_PCAP_FINDALLDEVS 1
| #define HAVE_PCAP_DUMP_FLUSH 1
| #define HAVE_PCAP_LIB_VERSION 1
| #define HAVE_PCAP_IF_T 1
| #define HAVE_BPF_DUMP 1
| #define HAVE_SYS_BITYPES_H 1
| #define HAVE_INTTYPES_H 1
| #define LBL_ALIGN 1
| #define HAVE_H_ERRNO 1
| /* end confdefs.h.  */
| 
| /* Override any GCC internal prototype to avoid an error.
|    Use char because int might match the return type of a GCC
|    builtin and then its argument prototype would still apply.  */
| #ifdef __cplusplus
| extern "C"
| #endif
| char DES_cbc_encrypt ();
| int
| main ()
| {
| return DES_cbc_encrypt ();
|   ;
|   return 0;
| }
configure:12959: result: no
configure:12987: checking openssl/evp.h usability
configure:13004: /opt/freescale/usr/local/gcc-4.1.2-glibc-2.5-nptl-3/arm-none-linux-gnueabi/bin/arm-none-linux-gnueabi-gcc -c -I/home/smb/vte/testcases/third_party_suite/network/tcpdump-3.9.8/../../../../openlibs/include/   -I/usr/include conftest.c >&5
In file included from /usr/include/openssl/evp.h:66,
                 from conftest.c:96:
/usr/include/openssl/opensslconf.h:27:2: error: #error "This openssl-devel package does not work your architecture?"
In file included from /usr/include/openssl/e_os2.h:56,
                 from /usr/include/openssl/ossl_typ.h:58,
                 from /usr/include/openssl/evp.h:70,
                 from conftest.c:96:
/usr/include/openssl/opensslconf.h:27:2: error: #error "This openssl-devel package does not work your architecture?"
In file included from /usr/include/openssl/e_os2.h:56,
                 from /usr/include/openssl/symhacks.h:58,
                 from /usr/include/openssl/evp.h:72,
                 from conftest.c:96:
/usr/include/openssl/opensslconf.h:27:2: error: #error "This openssl-devel package does not work your architecture?"
In file included from /usr/include/openssl/e_os2.h:56,
                 from /usr/include/openssl/bio.h:62,
                 from /usr/include/openssl/evp.h:75,
                 from conftest.c:96:
/usr/include/openssl/opensslconf.h:27:2: error: #error "This openssl-devel package does not work your architecture?"
In file included from /usr/include/openssl/e_os2.h:56,
                 from /usr/include/openssl/crypto.h:122,
                 from /usr/include/openssl/bio.h:69,
                 from /usr/include/openssl/evp.h:75,
                 from conftest.c:96:
/usr/include/openssl/opensslconf.h:27:2: error: #error "This openssl-devel package does not work your architecture?"
In file included from /usr/include/openssl/e_os2.h:56,
                 from /usr/include/openssl/asn1.h:63,
                 from /usr/include/openssl/objects.h:960,
                 from /usr/include/openssl/evp.h:94,
                 from conftest.c:96:
/usr/include/openssl/opensslconf.h:27:2: error: #error "This openssl-devel package does not work your architecture?"
In file included from /usr/include/openssl/e_os2.h:56,
                 from /usr/include/openssl/bn.h:75,
                 from /usr/include/openssl/asn1.h:74,
                 from /usr/include/openssl/objects.h:960,
                 from /usr/include/openssl/evp.h:94,
                 from conftest.c:96:
/usr/include/openssl/opensslconf.h:27:2: error: #error "This openssl-devel package does not work your architecture?"
In file included from /usr/include/openssl/asn1.h:74,
                 from /usr/include/openssl/objects.h:960,
                 from /usr/include/openssl/evp.h:94,
                 from conftest.c:96:
/usr/include/openssl/bn.h:287: error: expected specifier-qualifier-list before 'BN_ULONG'
/usr/include/openssl/bn.h:303: error: expected specifier-qualifier-list before 'BN_ULONG'
/usr/include/openssl/bn.h:406: warning: parameter names (without types) in function declaration
/usr/include/openssl/bn.h:449: error: expected '=', ',', ';', 'asm' or '__attribute__' before 'BN_mod_word'
/usr/include/openssl/bn.h:450: error: expected '=', ',', ';', 'asm' or '__attribute__' before 'BN_div_word'
/usr/include/openssl/bn.h:451: error: expected declaration specifiers or '...' before 'BN_ULONG'
/usr/include/openssl/bn.h:452: error: expected declaration specifiers or '...' before 'BN_ULONG'
/usr/include/openssl/bn.h:453: error: expected declaration specifiers or '...' before 'BN_ULONG'
/usr/include/openssl/bn.h:454: error: expected declaration specifiers or '...' before 'BN_ULONG'
/usr/include/openssl/bn.h:455: error: expected '=', ',', ';', 'asm' or '__attribute__' before 'BN_get_word'
/usr/include/openssl/bn.h:470: error: expected declaration specifiers or '...' before 'BN_ULONG'
/usr/include/openssl/bn.h:743: error: expected '=', ',', ';', 'asm' or '__attribute__' before 'bn_mul_add_words'
/usr/include/openssl/bn.h:744: error: expected '=', ',', ';', 'asm' or '__attribute__' before 'bn_mul_words'
/usr/include/openssl/bn.h:745: error: expected ')' before '*' token
/usr/include/openssl/bn.h:746: error: expected '=', ',', ';', 'asm' or '__attribute__' before 'bn_div_words'
/usr/include/openssl/bn.h:747: error: expected '=', ',', ';', 'asm' or '__attribute__' before 'bn_add_words'
/usr/include/openssl/bn.h:748: error: expected '=', ',', ';', 'asm' or '__attribute__' before 'bn_sub_words'
configure:13010: $? = 1
configure: failed program was:
| /* confdefs.h.  */
| #define PACKAGE_NAME ""
| #define PACKAGE_TARNAME ""
| #define PACKAGE_VERSION ""
| #define PACKAGE_STRING ""
| #define PACKAGE_BUGREPORT ""
| #define inline inline
| #define HAVE___ATTRIBUTE__ 1
| #define STDC_HEADERS 1
| #define HAVE_SYS_TYPES_H 1
| #define HAVE_SYS_STAT_H 1
| #define HAVE_STDLIB_H 1
| #define HAVE_STRING_H 1
| #define HAVE_MEMORY_H 1
| #define HAVE_STRINGS_H 1
| #define HAVE_INTTYPES_H 1
| #define HAVE_STDINT_H 1
| #define HAVE_UNISTD_H 1
| #define HAVE_FCNTL_H 1
| #define HAVE_NETINET_IF_ETHER_H 1
| #define TIME_WITH_SYS_TIME 1
| #define TCPDUMP_DO_SMB 1
| #define SIZEOF_CHAR 1
| #define SIZEOF_SHORT 2
| #define SIZEOF_INT 4
| #define SIZEOF_LONG 4
| #define SIZEOF_LONG_LONG 8
| #define HAVE_ADDRINFO 1
| #define HAVE_SOCKADDR_STORAGE 1
| #define HAVE_INADDRSZ 1
| #define HAVE_IN6ADDRSZ 1
| #define HAVE_RES_USE_INET6 1
| #define HAVE_VFPRINTF 1
| #define HAVE_STRCASECMP 1
| #define HAVE_STRDUP 1
| #define HAVE_STRSEP 1
| #define HAVE_STRFTIME 1
| #define HAVE_SETLINEBUF 1
| #define HAVE_ALARM 1
| #define HAVE_VSNPRINTF 1
| #define HAVE_SNPRINTF 1
| #define RETSIGTYPE void
| #define RETSIGVAL
| #define HAVE_SIGACTION 1
| #define HAVE_GETRPCBYNUMBER 1
| #define HAVE_PCAP_LIST_DATALINKS 1
| #define HAVE_PCAP_SET_DATALINK 1
| #define HAVE_PCAP_DATALINK_NAME_TO_VAL 1
| #define HAVE_PCAP_DATALINK_VAL_TO_DESCRIPTION 1
| #define HAVE_PCAP_BREAKLOOP 1
| #define HAVE_PCAP_DUMP_FTELL 1
| #define HAVE_ETHER_NTOHOST 1
| #define HAVE_PCAP_FINDALLDEVS 1
| #define HAVE_PCAP_DUMP_FLUSH 1
| #define HAVE_PCAP_LIB_VERSION 1
| #define HAVE_PCAP_IF_T 1
| #define HAVE_BPF_DUMP 1
| #define HAVE_SYS_BITYPES_H 1
| #define HAVE_INTTYPES_H 1
| #define LBL_ALIGN 1
| #define HAVE_H_ERRNO 1
| /* end confdefs.h.  */
| #include <stdio.h>
| #ifdef HAVE_SYS_TYPES_H
| # include <sys/types.h>
| #endif
| #ifdef HAVE_SYS_STAT_H
| # include <sys/stat.h>
| #endif
| #ifdef STDC_HEADERS
| # include <stdlib.h>
| # include <stddef.h>
| #else
| # ifdef HAVE_STDLIB_H
| #  include <stdlib.h>
| # endif
| #endif
| #ifdef HAVE_STRING_H
| # if !defined STDC_HEADERS && defined HAVE_MEMORY_H
| #  include <memory.h>
| # endif
| # include <string.h>
| #endif
| #ifdef HAVE_STRINGS_H
| # include <strings.h>
| #endif
| #ifdef HAVE_INTTYPES_H
| # include <inttypes.h>
| #endif
| #ifdef HAVE_STDINT_H
| # include <stdint.h>
| #endif
| #ifdef HAVE_UNISTD_H
| # include <unistd.h>
| #endif
| #include <openssl/evp.h>
configure:13024: result: no
configure:13028: checking openssl/evp.h presence
configure:13043: /opt/freescale/usr/local/gcc-4.1.2-glibc-2.5-nptl-3/arm-none-linux-gnueabi/bin/arm-none-linux-gnueabi-gcc -E   -I/usr/include conftest.c
In file included from /usr/include/openssl/evp.h:66,
                 from conftest.c:63:
/usr/include/openssl/opensslconf.h:27:2: error: #error "This openssl-devel package does not work your architecture?"
In file included from /usr/include/openssl/e_os2.h:56,
                 from /usr/include/openssl/ossl_typ.h:58,
                 from /usr/include/openssl/evp.h:70,
                 from conftest.c:63:
/usr/include/openssl/opensslconf.h:27:2: error: #error "This openssl-devel package does not work your architecture?"
In file included from /usr/include/openssl/e_os2.h:56,
                 from /usr/include/openssl/symhacks.h:58,
                 from /usr/include/openssl/evp.h:72,
                 from conftest.c:63:
/usr/include/openssl/opensslconf.h:27:2: error: #error "This openssl-devel package does not work your architecture?"
In file included from /usr/include/openssl/e_os2.h:56,
                 from /usr/include/openssl/bio.h:62,
                 from /usr/include/openssl/evp.h:75,
                 from conftest.c:63:
/usr/include/openssl/opensslconf.h:27:2: error: #error "This openssl-devel package does not work your architecture?"
In file included from /usr/include/openssl/e_os2.h:56,
                 from /usr/include/openssl/crypto.h:122,
                 from /usr/include/openssl/bio.h:69,
                 from /usr/include/openssl/evp.h:75,
                 from conftest.c:63:
/usr/include/openssl/opensslconf.h:27:2: error: #error "This openssl-devel package does not work your architecture?"
In file included from /usr/include/openssl/e_os2.h:56,
                 from /usr/include/openssl/asn1.h:63,
                 from /usr/include/openssl/objects.h:960,
                 from /usr/include/openssl/evp.h:94,
                 from conftest.c:63:
/usr/include/openssl/opensslconf.h:27:2: error: #error "This openssl-devel package does not work your architecture?"
In file included from /usr/include/openssl/e_os2.h:56,
                 from /usr/include/openssl/bn.h:75,
                 from /usr/include/openssl/asn1.h:74,
                 from /usr/include/openssl/objects.h:960,
                 from /usr/include/openssl/evp.h:94,
                 from conftest.c:63:
/usr/include/openssl/opensslconf.h:27:2: error: #error "This openssl-devel package does not work your architecture?"
configure:13049: $? = 1
configure: failed program was:
| /* confdefs.h.  */
| #define PACKAGE_NAME ""
| #define PACKAGE_TARNAME ""
| #define PACKAGE_VERSION ""
| #define PACKAGE_STRING ""
| #define PACKAGE_BUGREPORT ""
| #define inline inline
| #define HAVE___ATTRIBUTE__ 1
| #define STDC_HEADERS 1
| #define HAVE_SYS_TYPES_H 1
| #define HAVE_SYS_STAT_H 1
| #define HAVE_STDLIB_H 1
| #define HAVE_STRING_H 1
| #define HAVE_MEMORY_H 1
| #define HAVE_STRINGS_H 1
| #define HAVE_INTTYPES_H 1
| #define HAVE_STDINT_H 1
| #define HAVE_UNISTD_H 1
| #define HAVE_FCNTL_H 1
| #define HAVE_NETINET_IF_ETHER_H 1
| #define TIME_WITH_SYS_TIME 1
| #define TCPDUMP_DO_SMB 1
| #define SIZEOF_CHAR 1
| #define SIZEOF_SHORT 2
| #define SIZEOF_INT 4
| #define SIZEOF_LONG 4
| #define SIZEOF_LONG_LONG 8
| #define HAVE_ADDRINFO 1
| #define HAVE_SOCKADDR_STORAGE 1
| #define HAVE_INADDRSZ 1
| #define HAVE_IN6ADDRSZ 1
| #define HAVE_RES_USE_INET6 1
| #define HAVE_VFPRINTF 1
| #define HAVE_STRCASECMP 1
| #define HAVE_STRDUP 1
| #define HAVE_STRSEP 1
| #define HAVE_STRFTIME 1
| #define HAVE_SETLINEBUF 1
| #define HAVE_ALARM 1
| #define HAVE_VSNPRINTF 1
| #define HAVE_SNPRINTF 1
| #define RETSIGTYPE void
| #define RETSIGVAL
| #define HAVE_SIGACTION 1
| #define HAVE_GETRPCBYNUMBER 1
| #define HAVE_PCAP_LIST_DATALINKS 1
| #define HAVE_PCAP_SET_DATALINK 1
| #define HAVE_PCAP_DATALINK_NAME_TO_VAL 1
| #define HAVE_PCAP_DATALINK_VAL_TO_DESCRIPTION 1
| #define HAVE_PCAP_BREAKLOOP 1
| #define HAVE_PCAP_DUMP_FTELL 1
| #define HAVE_ETHER_NTOHOST 1
| #define HAVE_PCAP_FINDALLDEVS 1
| #define HAVE_PCAP_DUMP_FLUSH 1
| #define HAVE_PCAP_LIB_VERSION 1
| #define HAVE_PCAP_IF_T 1
| #define HAVE_BPF_DUMP 1
| #define HAVE_SYS_BITYPES_H 1
| #define HAVE_INTTYPES_H 1
| #define LBL_ALIGN 1
| #define HAVE_H_ERRNO 1
| /* end confdefs.h.  */
| #include <openssl/evp.h>
configure:13063: result: no
configure:13091: checking for openssl/evp.h
configure:13099: result: no
configure:13142: checking for a BSD-compatible install
configure:13198: result: /usr/bin/install -c
configure:13317: creating ./config.status

## ---------------------- ##
## Running config.status. ##
## ---------------------- ##

This file was extended by config.status, which was
generated by GNU Autoconf 2.61.  Invocation command line was

  CONFIG_FILES    = 
  CONFIG_HEADERS  = 
  CONFIG_LINKS    = 
  CONFIG_COMMANDS = 
  $ ./config.status 

on localhost.localdomain

config.status:621: creating Makefile
config.status:756: WARNING:  Makefile.in seems to ignore the --datarootdir setting
config.status:621: creating config.h
config.status:892: config.h is unchanged
config.status:905: executing default-1 commands

## ---------------- ##
## Cache variables. ##
## ---------------- ##

ac_cv___attribute__=yes
ac_cv_addrinfo=yes
ac_cv_addrsz=yes
ac_cv_buggy_ether_ntohost='not while cross-compiling'
ac_cv_build=i686-pc-linux-gnu
ac_cv_c_compiler_gnu=yes
ac_cv_env_CC_set=set
ac_cv_env_CC_value=/opt/freescale/usr/local/gcc-4.1.2-glibc-2.5-nptl-3/arm-none-linux-gnueabi/bin/arm-none-linux-gnueabi-gcc
ac_cv_env_CFLAGS_set=set
ac_cv_env_CFLAGS_value=-I/home/smb/vte/testcases/third_party_suite/network/tcpdump-3.9.8/../../../../openlibs/include/
ac_cv_env_CPPFLAGS_set=
ac_cv_env_CPPFLAGS_value=
ac_cv_env_CPP_set=
ac_cv_env_CPP_value=
ac_cv_env_LDFLAGS_set=set
ac_cv_env_LDFLAGS_value=-L/home/smb/vte/testcases/third_party_suite/network/tcpdump-3.9.8/../../../../openlibs/lib/
ac_cv_env_LIBS_set=
ac_cv_env_LIBS_value=
ac_cv_env_build_alias_set=
ac_cv_env_build_alias_value=
ac_cv_env_host_alias_set=set
ac_cv_env_host_alias_value=arm-none-linux-gnueabi
ac_cv_env_target_alias_set=
ac_cv_env_target_alias_value=
ac_cv_func_alarm=yes
ac_cv_func_bpf_dump=yes
ac_cv_func_ether_ntohost=yes
ac_cv_func_pcap_breakloop=yes
ac_cv_func_pcap_datalink_name_to_val=yes
ac_cv_func_pcap_datalink_val_to_description=yes
ac_cv_func_pcap_dump_flush=yes
ac_cv_func_pcap_dump_ftell=yes
ac_cv_func_pcap_findalldevs=yes
ac_cv_func_pcap_lib_version=yes
ac_cv_func_pcap_list_datalinks=yes
ac_cv_func_pcap_set_datalink=yes
ac_cv_func_setlinebuf=yes
ac_cv_func_sigaction=yes
ac_cv_func_snprintf=yes
ac_cv_func_strcasecmp=yes
ac_cv_func_strdup=yes
ac_cv_func_strftime=yes
ac_cv_func_strlcat=no
ac_cv_func_strlcpy=no
ac_cv_func_strsep=yes
ac_cv_func_vfprintf=yes
ac_cv_func_vsnprintf=yes
ac_cv_header_fcntl_h=yes
ac_cv_header_inttypes_h=yes
ac_cv_header_memory_h=yes
ac_cv_header_net_pfvar_h=no
ac_cv_header_netdnet_dnetdb_h=no
ac_cv_header_netinet_if_ether_h=yes
ac_cv_header_openssl_evp_h=no
ac_cv_header_rpc_rpcent_h=no
ac_cv_header_smi_h=no
ac_cv_header_stdc=yes
ac_cv_header_stdint_h=yes
ac_cv_header_stdlib_h=yes
ac_cv_header_string_h=yes
ac_cv_header_strings_h=yes
ac_cv_header_sys_bitypes_h=yes
ac_cv_header_sys_stat_h=yes
ac_cv_header_sys_types_h=yes
ac_cv_header_time=yes
ac_cv_header_unistd_h=yes
ac_cv_host=arm-none-linux-gnueabi
ac_cv_in6addrsz=yes
ac_cv_inaddrsz=yes
ac_cv_lbl_gcc_vers=4
ac_cv_lbl_inline=inline
ac_cv_lbl_sockaddr_has_sa_len=no
ac_cv_lbl_unaligned_fail=yes
ac_cv_lib_crypto_DES_cbc_encrypt=no
ac_cv_lib_pcap_main=yes
ac_cv_lib_rpc_main=no
ac_cv_lib_smi_smiInit=no
ac_cv_linux_vers=2.6.28
ac_cv_maxserv=yes
ac_cv_namereqd=yes
ac_cv_objext=o
ac_cv_path_EGREP='/bin/grep -E'
ac_cv_path_GREP=/bin/grep
ac_cv_path_install='/usr/bin/install -c'
ac_cv_prog_CC=/opt/freescale/usr/local/gcc-4.1.2-glibc-2.5-nptl-3/arm-none-linux-gnueabi/bin/arm-none-linux-gnueabi-gcc
ac_cv_prog_CPP='/opt/freescale/usr/local/gcc-4.1.2-glibc-2.5-nptl-3/arm-none-linux-gnueabi/bin/arm-none-linux-gnueabi-gcc -E'
ac_cv_prog_cc_c89=
ac_cv_prog_cc_g=yes
ac_cv_res_inet6=yes
ac_cv_res_state=no
ac_cv_res_state_ext=no
ac_cv_sa_storage=yes
ac_cv_search_dnet_htoa=no
ac_cv_search_gethostbyname='none required'
ac_cv_search_getrpcbynumber='none required'
ac_cv_search_putmsg='none required'
ac_cv_search_socket='none required'
ac_cv_sizeof_char=1
ac_cv_sizeof_int=4
ac_cv_sizeof_long=4
ac_cv_sizeof_long_long=8
ac_cv_sizeof_short=2
ac_cv_sockaddr_has_sa_len=no
ac_cv_ssleay_path=/usr
ac_cv_type_char=yes
ac_cv_type_int16_t=yes
ac_cv_type_int32_t=yes
ac_cv_type_int64_t=yes
ac_cv_type_int8_t=yes
ac_cv_type_int=yes
ac_cv_type_long=yes
ac_cv_type_long_long=yes
ac_cv_type_pcap_if_t=yes
ac_cv_type_short=yes
ac_cv_type_signal=void
ac_cv_type_u_int16_t=yes
ac_cv_type_u_int32_t=yes
ac_cv_type_u_int64_t=yes
ac_cv_type_u_int8_t=yes
ac_cv_var_h_errno=yes
ac_lbl_cv_pcap_debug_defined=no
ac_lbl_cv_yydebug_defined=no
td_cv_decl_netdnet_dnetdb_h_dnet_htoa=no

## ----------------- ##
## Output variables. ##
## ----------------- ##

CC='/opt/freescale/usr/local/gcc-4.1.2-glibc-2.5-nptl-3/arm-none-linux-gnueabi/bin/arm-none-linux-gnueabi-gcc'
CFLAGS='-I/home/smb/vte/testcases/third_party_suite/network/tcpdump-3.9.8/../../../../openlibs/include/'
CPP='/opt/freescale/usr/local/gcc-4.1.2-glibc-2.5-nptl-3/arm-none-linux-gnueabi/bin/arm-none-linux-gnueabi-gcc -E'
CPPFLAGS='  -I/usr/include -I$(srcdir)/missing'
DEFS='-DHAVE_CONFIG_H'
ECHO_C=''
ECHO_N='-n'
ECHO_T=''
EGREP='/bin/grep -E'
EXEEXT=''
GREP='/bin/grep'
INSTALL_DATA='${INSTALL} -m 644'
INSTALL_PROGRAM='${INSTALL}'
INSTALL_SCRIPT='${INSTALL}'
LDFLAGS='-L/usr/lib -L/home/smb/vte/testcases/third_party_suite/network/tcpdump-3.9.8/../../../../openlibs/lib/'
LIBOBJS=' ${LIBOBJDIR}strlcat$U.o ${LIBOBJDIR}strlcpy$U.o'
LIBS='-lpcap '
LOCALSRC='print-smb.c smbutil.c '
LTLIBOBJS=' ${LIBOBJDIR}strlcat$U.lo ${LIBOBJDIR}strlcpy$U.lo'
OBJEXT='o'
PACKAGE_BUGREPORT=''
PACKAGE_NAME=''
PACKAGE_STRING=''
PACKAGE_TARNAME=''
PACKAGE_VERSION=''
PATH_SEPARATOR=':'
SHELL='/bin/sh'
SHLICC2=''
V_CCOPT='-O2 -I/home/smb/vte/testcases/third_party_suite/network/tcpdump-3.9.8/../../../../openlibs/include/'
V_DEFS=' -D_U_="__attribute__((unused))"'
V_GROUP='wheel'
V_INCLS=' -I/usr/include -I$(srcdir)/missing'
V_PCAPDEP=''
ac_ct_CC=''
bindir='${exec_prefix}/bin'
build='i686-pc-linux-gnu'
build_alias=''
build_cpu='i686'
build_os='linux-gnu'
build_vendor='pc'
datadir='${datarootdir}'
datarootdir='${prefix}/share'
docdir='${datarootdir}/doc/${PACKAGE}'
dvidir='${docdir}'
exec_prefix='${prefix}'
host='arm-none-linux-gnueabi'
host_alias='arm-none-linux-gnueabi'
host_cpu='arm'
host_os='linux-gnueabi'
host_vendor='none'
htmldir='${docdir}'
includedir='${prefix}/include'
infodir='${datarootdir}/info'
libdir='${exec_prefix}/lib'
libexecdir='${exec_prefix}/libexec'
localedir='${datarootdir}/locale'
localstatedir='${prefix}/var'
mandir='${datarootdir}/man'
oldincludedir='/home/smb/vte/testcases/third_party_suite/network/tcpdump-3.9.8'
pdfdir='${docdir}'
prefix='/usr/local'
program_transform_name='s,x,x,'
psdir='${docdir}'
sbindir='${exec_prefix}/sbin'
sharedstatedir='${prefix}/com'
sysconfdir='${prefix}/etc'
target_alias=''

## ----------- ##
## confdefs.h. ##
## ----------- ##

#define PACKAGE_NAME ""
#define PACKAGE_TARNAME ""
#define PACKAGE_VERSION ""
#define PACKAGE_STRING ""
#define PACKAGE_BUGREPORT ""
#define inline inline
#define HAVE___ATTRIBUTE__ 1
#define STDC_HEADERS 1
#define HAVE_SYS_TYPES_H 1
#define HAVE_SYS_STAT_H 1
#define HAVE_STDLIB_H 1
#define HAVE_STRING_H 1
#define HAVE_MEMORY_H 1
#define HAVE_STRINGS_H 1
#define HAVE_INTTYPES_H 1
#define HAVE_STDINT_H 1
#define HAVE_UNISTD_H 1
#define HAVE_FCNTL_H 1
#define HAVE_NETINET_IF_ETHER_H 1
#define TIME_WITH_SYS_TIME 1
#define TCPDUMP_DO_SMB 1
#define SIZEOF_CHAR 1
#define SIZEOF_SHORT 2
#define SIZEOF_INT 4
#define SIZEOF_LONG 4
#define SIZEOF_LONG_LONG 8
#define HAVE_ADDRINFO 1
#define HAVE_SOCKADDR_STORAGE 1
#define HAVE_INADDRSZ 1
#define HAVE_IN6ADDRSZ 1
#define HAVE_RES_USE_INET6 1
#define HAVE_VFPRINTF 1
#define HAVE_STRCASECMP 1
#define HAVE_STRDUP 1
#define HAVE_STRSEP 1
#define HAVE_STRFTIME 1
#define HAVE_SETLINEBUF 1
#define HAVE_ALARM 1
#define HAVE_VSNPRINTF 1
#define HAVE_SNPRINTF 1
#define RETSIGTYPE void
#define RETSIGVAL
#define HAVE_SIGACTION 1
#define HAVE_GETRPCBYNUMBER 1
#define HAVE_PCAP_LIST_DATALINKS 1
#define HAVE_PCAP_SET_DATALINK 1
#define HAVE_PCAP_DATALINK_NAME_TO_VAL 1
#define HAVE_PCAP_DATALINK_VAL_TO_DESCRIPTION 1
#define HAVE_PCAP_BREAKLOOP 1
#define HAVE_PCAP_DUMP_FTELL 1
#define HAVE_ETHER_NTOHOST 1
#define HAVE_PCAP_FINDALLDEVS 1
#define HAVE_PCAP_DUMP_FLUSH 1
#define HAVE_PCAP_LIB_VERSION 1
#define HAVE_PCAP_IF_T 1
#define HAVE_BPF_DUMP 1
#define HAVE_SYS_BITYPES_H 1
#define HAVE_INTTYPES_H 1
#define LBL_ALIGN 1
#define HAVE_H_ERRNO 1

configure: exit 0
